TN:
SF:release.config.ts
FNF:0
FNH:0
DA:1,1
DA:2,1
DA:3,1
DA:4,1
DA:5,1
DA:6,1
DA:7,1
DA:8,1
DA:9,1
DA:10,1
LF:10
LH:10
BRF:0
BRH:0
end_of_record
TN:
SF:dist/config.js
FN:1,Object.<anonymous>
FN:21,__awaiter
FN:22,adopt
FN:24,fulfilled
FN:25,rejected
FN:26,step
FN:31,preloadPlugin
FN:35,register
FN:53,loadConfig
FNF:9
FNH:8
FNDA:1,Object.<anonymous>
FNDA:2,__awaiter
FNDA:1,adopt
FNDA:1,fulfilled
FNDA:0,rejected
FNDA:3,step
FNDA:1,preloadPlugin
FNDA:1,register
FNDA:1,loadConfig
DA:1,1
DA:2,1
DA:3,1
DA:4,1
DA:5,1
DA:6,1
DA:7,1
DA:8,1
DA:9,1
DA:10,1
DA:11,1
DA:12,1
DA:13,1
DA:14,1
DA:15,1
DA:16,1
DA:17,1
DA:18,1
DA:19,1
DA:20,1
DA:21,2
DA:22,2
DA:23,2
DA:24,2
DA:25,2
DA:26,2
DA:27,2
DA:28,2
DA:29,2
DA:30,1
DA:31,1
DA:32,1
DA:33,1
DA:34,1
DA:35,1
DA:36,1
DA:37,1
DA:38,1
DA:39,1
DA:40,1
DA:41,1
DA:42,1
DA:43,1
DA:44,1
DA:45,1
DA:46,1
DA:47,1
DA:48,1
DA:49,1
DA:50,1
DA:51,1
DA:52,1
DA:53,1
DA:54,1
DA:55,1
DA:56,1
DA:57,1
DA:58,1
DA:59,1
LF:59
LH:59
BRDA:1,0,0,1
BRDA:1,1,0,1
BRDA:21,2,0,2
BRDA:22,3,0,1
BRDA:22,4,0,0
BRDA:23,5,0,2
BRDA:24,6,0,1
BRDA:24,7,0,0
BRDA:26,8,0,3
BRDA:26,9,0,2
BRDA:26,10,0,1
BRDA:31,11,0,1
BRDA:35,12,0,1
BRDA:36,13,0,1
BRDA:53,14,0,1
BRDA:53,15,0,1
BRDA:55,16,0,0
BRDA:55,17,0,0
BRF:18
BRH:14
end_of_record
TN:
SF:dist/vendor.js
FN:1,Object.<anonymous>
FN:22,_interopDefaultLegacy
FN:24,_interopNamespace
FN:59,minimist
FN:288,hasKey
FN:298,isNumber
FN:305,isConstructorOrProto
FN:317,requireSymbols$1
FN:393,isObject$1
FN:399,hasColor
FN:406,create
FN:414,ansi
FN:418,style.wrap
FN:429,wrap
FN:433,style
FN:447,define
FN:455,set
FN:458,get
FN:515,colors.hasColor.colors.hasAnsi
FN:520,colors.alias
FN:536,set
FN:539,get
FN:540,color
FN:548,colors.theme
FN:594,Object.<anonymous>.exports.longest
FN:598,Object.<anonymous>.exports.hasColor
FN:600,Object.<anonymous>.exports.isObject
FN:604,Object.<anonymous>.exports.nativeType
FN:608,Object.<anonymous>.exports.isAsyncFn
FN:612,Object.<anonymous>.exports.isPrimitive
FN:616,Object.<anonymous>.exports.resolve
FN:623,Object.<anonymous>.exports.scrollDown
FN:624,Object.<anonymous>.exports.scrollUp
FN:626,Object.<anonymous>.exports.reorder
FN:636,Object.<anonymous>.exports.swap
FN:644,Object.<anonymous>.exports.width
FN:655,Object.<anonymous>.exports.height
FN:663,Object.<anonymous>.exports.wordWrap
FN:683,Object.<anonymous>.exports.unmute
FN:695,Object.<anonymous>.exports.pascal
FN:697,Object.<anonymous>.exports.inverse
FN:711,Object.<anonymous>.exports.complement
FN:727,Object.<anonymous>.exports.meridiem
FN:744,Object.<anonymous>.exports.set
FN:758,Object.<anonymous>.exports.get
FN:765,Object.<anonymous>.exports.mixin
FN:788,Object.<anonymous>.exports.merge
FN:794,Object.<anonymous>.exports.mixinEmitter
FN:806,Object.<anonymous>.exports.onExit
FN:827,Object.<anonymous>.exports.define
FN:831,Object.<anonymous>.exports.defineExport
FN:836,set
FN:839,get
FN:850,requireCombos
FN:933,requireKeypress
FN:1184,requireTimer
FN:1230,requireState
FN:1307,requireStyles
FN:1459,requireSymbols
FN:1532,requireTheme
FN:1552,requireAnsi
FN:1678,requirePrompt
FN:2173,requireRoles
FN:2227,requireArray
FN:2893,requireSelect
FN:3040,requireAutocomplete
FN:3161,requirePlaceholder
FN:3232,requireForm
FN:3436,requireAuth
FN:3473,requireBasicauth
FN:3522,requireBoolean
FN:3618,requireConfirm
FN:3638,requireEditable
FN:3782,requireString
FN:3975,requireCompleter
FN:4035,requireInput
FN:4098,requireInvisible
FN:4117,requireList
FN:4161,requireMultiselect
FN:4182,requireNumber
FN:4275,requireNumeral
FN:4287,requirePassword
FN:4313,requireScale
FN:4558,requireInterpolate
FN:4832,requireSnippet
FN:5025,requireSort
FN:5070,requireSurvey
FN:5242,requireText
FN:5254,requireToggle
FN:5371,requireQuiz
FN:5415,requirePrompts
FN:5422,define
FN:5453,requireTypes
FN:5484,Enquirer
FN:5505,register
FN:5541,prompt
FN:5553,ask
FN:5623,use
FN:5628,set Prompt
FN:5631,get Prompt
FN:5635,get prompts
FN:5639,set Prompt
FN:5642,get Prompt
FN:5646,get prompts
FN:5650,get types
FN:5673,get prompt
FN:5674,fn
FN:5694,run
FN:5699,get
FN:5703,exp
FN:5740,Object.<anonymous>.debug$1
FN:5741,Object.<anonymous>.debug$1
FN:5756,createToken
FN:5933,parseOptions$2
FN:5943,compareIdentifiers$1
FN:5959,rcompareIdentifiers
FN:5973,SemVer$d
FN:6044,format
FN:6052,toString
FN:6056,compare
FN:6072,compareMain
FN:6084,comparePre
FN:6117,compareBuild
FN:6143,inc
FN:6259,parse$8
FN:6289,valid$2
FN:6296,clean$1
FN:6304,inc$1
FN:6322,compare$b
FN:6328,eq$3
FN:6334,diff$1
FN:6356,major$1
FN:6360,minor$1
FN:6364,patch$1
FN:6368,prerelease$1
FN:6375,rcompare$1
FN:6379,compareLoose$1
FN:6383,compareBuild$3
FN:6391,sort$1
FN:6395,rsort$1
FN:6399,gt$4
FN:6403,lt$3
FN:6407,neq$2
FN:6411,gte$3
FN:6415,lte$3
FN:6425,cmp$1
FN:6475,coerce$1
FN:6527,requireIterator
FN:6530,iterator
FN:6531,Yallist.<computed>
FN:6543,requireYallist
FN:6551,Yallist
FN:6574,Yallist.removeNode
FN:6605,Yallist.unshiftNode
FN:6628,Yallist.pushNode
FN:6651,Yallist.push
FN:6658,Yallist.unshift
FN:6665,Yallist.pop
FN:6681,Yallist.shift
FN:6697,Yallist.forEach
FN:6705,Yallist.forEachReverse
FN:6713,Yallist.get
FN:6723,Yallist.getReverse
FN:6733,Yallist.map
FN:6743,Yallist.mapReverse
FN:6753,Yallist.reduce
FN:6773,Yallist.reduceReverse
FN:6793,Yallist.toArray
FN:6802,Yallist.toArrayReverse
FN:6811,Yallist.slice
FN:6839,Yallist.sliceReverse
FN:6867,Yallist.splice
FN:6898,Yallist.reverse
FN:6911,insert
FN:6928,push
FN:6936,unshift
FN:6944,Node
FN:6977,requireLruCache
FN:6995,naiveLength
FN:7006,LRUCache
FN:7031,set max
FN:7038,get max
FN:7042,set allowStale
FN:7045,get allowStale
FN:7049,set maxAge
FN:7056,get maxAge
FN:7061,set lengthCalculator
FN:7075,get lengthCalculator
FN:7077,get length
FN:7078,get itemCount
FN:7080,rforEach
FN:7089,forEach
FN:7098,keys
FN:7102,values
FN:7106,reset
FN:7118,dump
FN:7127,dumpLru
FN:7131,set
FN:7183,has
FN:7189,get
FN:7193,peek
FN:7197,pop
FN:7206,del
FN:7210,load
FN:7232,prune
FN:7237,get
FN:7256,isStale
FN:7265,trim
FN:7279,del
FN:7292,Entry
FN:7301,forEachStep
FN:7319,requireRange
FN:7324,Range
FN:7386,format
FN:7396,toString
FN:7400,parseRange
FN:7470,intersects
FN:7493,test
FN:7531,isNullSet
FN:7532,isAny
FN:7536,isSatisfiable
FN:7555,parseComparator
FN:7568,isX
FN:7577,replaceTildes
FN:7582,replaceTilde
FN:7618,replaceCarets
FN:7623,replaceCaret
FN:7676,replaceXRanges
FN:7683,replaceXRange
FN:7760,replaceStars
FN:7766,replaceGTE0
FN:7777,hyphenReplace
FN:7809,testSet
FN:7850,requireComparator
FN:7856,get ANY
FN:7860,Comparator
FN:7885,parse
FN:7906,toString
FN:7910,test
FN:7928,intersects
FN:7993,satisfies$4
FN:8006,toComparators$1
FN:8015,maxSatisfying$1
FN:8040,minSatisfying$1
FN:8067,minVersion$1
FN:8126,validRange$1
FN:8147,outside$3
FN:8220,gtr$1
FN:8225,ltr$1
FN:8229,intersects$1
FN:8241,simplify
FN:8326,subset$1
FN:8354,simpleSubset
FN:8504,higherGT
FN:8516,lowerLT
FN:8623,requireWindows
FN:8674,requireMode
FN:8682,isexe
FN:8688,sync
FN:8692,checkStat
FN:8696,checkMode
FN:8731,isexe$1
FN:8765,sync
FN:8786,getNotFoundError
FN:8789,getPathInfo
FN:8820,which$1
FN:8864,whichSync
FN:8906,pathKey$1
FN:8925,resolveCommandAttempt
FN:8966,resolveCommand$1
FN:8977,escapeCommand
FN:8984,escapeArgument
FN:9022,shebangCommand$1
FN:9042,readShebang$1
FN:9070,detectShebang
FN:9085,parseNonShell
FN:9123,parse$1
FN:9153,notFoundError
FN:9163,hookChildProcess
FN:9186,verifyENOENT
FN:9194,verifyENOENTSync
FN:9213,spawn
FN:9227,spawnSync
FN:9247,stripFinalNewline
FN:9262,pathKey
FN:9275,npmRunPath
FN:9299,npmRunPathEnv
FN:9309,copyProperty
FN:9334,canCopyProperty
FN:9343,changePrototype
FN:9352,wrappedToString
FN:9360,changeToString
FN:9368,mimicFunction
FN:9383,onetime
FN:9411,Object.<anonymous>.onetime.callCount
FN:9419,getRealtimeSignals
FN:9424,getRealtimeSignal
FN:9708,getSignals
FN:9720,normalizeSignal
FN:9736,getSignalsByName
FN:9741,getSignalByName
FN:9756,getSignalsByNumber
FN:9765,getSignalByNumber
FN:9788,findSignalByNumber
FN:9800,getErrorPrefix
FN:9824,makeError
FN:9886,hasAlias
FN:9888,normalizeStdio
FN:9921,requireSignals
FN:9988,processOk
FN:10003,Object.<anonymous>.signalExit.exports
FN:10035,Object.<anonymous>.signalExit.exports
FN:10063,unload
FN:10080,emit
FN:10092,listener
FN:10119,Object.<anonymous>.signalExit.exports.signals
FN:10125,load
FN:10152,processReallyExit
FN:10166,processEmit
FN:10188,spawnedKill
FN:10194,setKillTimeout
FN:10213,shouldForceKill
FN:10215,isSigterm
FN:10218,getForceKillAfterTimeout
FN:10231,spawnedCancel
FN:10239,timeoutKill
FN:10245,setupTimeout
FN:10264,validateTimeout
FN:10271,setExitHandler
FN:10285,isStream
FN:10295,bufferStream$1
FN:10353,MaxBufferError
FN:10359,getStream
FN:10402,Object.<anonymous>.getStream$1.exports.buffer
FN:10403,Object.<anonymous>.getStream$1.exports.array
FN:10408,mergeStream
FN:10447,handleInput
FN:10462,makeAllStream
FN:10481,getBufferedData
FN:10495,getStreamPromise
FN:10508,getSpawnedResult
FN:10532,mergePromise
FN:10546,getSpawnedPromise
FN:10562,normalizeArgs
FN:10573,escapeArg
FN:10581,joinCommand
FN:10583,getEscapedCommand
FN:10587,getEnv
FN:10597,handleArguments
FN:10631,handleOutput
FN:10644,execa
FN:10783,kolorist
FN:10799,escalade
FN:10815,isMergeableObject
FN:10820,isNonNullObject
FN:10824,isSpecial
FN:10836,isReactElement
FN:10840,emptyTarget
FN:10844,cloneUnlessOtherwiseSpecified
FN:10850,defaultArrayMerge
FN:10856,getMergeFunction
FN:10864,getEnumerableOwnPropertySymbols
FN:10872,getKeys
FN:10876,propertyIsOnObject
FN:10885,propertyIsUnsafe
FN:10891,mergeObject
FN:10912,deepmerge
FN:10933,deepmergeAll
FN:10953,requireOrImport
FN:10979,ProloadError
FN:10992,assert
FN:11008,validNames
FN:11027,isObject
FN:11030,requireOrImportWithMiddleware
FN:11054,resolveExtension
FN:11095,resolveExtensions
FN:11137,resolveConfig
FN:11209,load
FN:11253,transform
FN:11263,Object.<anonymous>.load.use
FNF:380
FNH:66
FNDA:1,Object.<anonymous>
FNDA:14,_interopDefaultLegacy
FNDA:0,_interopNamespace
FNDA:0,minimist
FNDA:0,hasKey
FNDA:0,isNumber
FNDA:0,isConstructorOrProto
FNDA:1,requireSymbols$1
FNDA:0,isObject$1
FNDA:1,hasColor
FNDA:1,create
FNDA:42,ansi
FNDA:0,style.wrap
FNDA:0,wrap
FNDA:0,style
FNDA:42,define
FNDA:0,set
FNDA:0,get
FNDA:0,colors.hasColor.colors.hasAnsi
FNDA:2,colors.alias
FNDA:0,set
FNDA:2,get
FNDA:0,color
FNDA:0,colors.theme
FNDA:0,Object.<anonymous>.exports.longest
FNDA:0,Object.<anonymous>.exports.hasColor
FNDA:0,Object.<anonymous>.exports.isObject
FNDA:0,Object.<anonymous>.exports.nativeType
FNDA:0,Object.<anonymous>.exports.isAsyncFn
FNDA:0,Object.<anonymous>.exports.isPrimitive
FNDA:0,Object.<anonymous>.exports.resolve
FNDA:0,Object.<anonymous>.exports.scrollDown
FNDA:0,Object.<anonymous>.exports.scrollUp
FNDA:0,Object.<anonymous>.exports.reorder
FNDA:0,Object.<anonymous>.exports.swap
FNDA:0,Object.<anonymous>.exports.width
FNDA:0,Object.<anonymous>.exports.height
FNDA:0,Object.<anonymous>.exports.wordWrap
FNDA:0,Object.<anonymous>.exports.unmute
FNDA:0,Object.<anonymous>.exports.pascal
FNDA:0,Object.<anonymous>.exports.inverse
FNDA:0,Object.<anonymous>.exports.complement
FNDA:0,Object.<anonymous>.exports.meridiem
FNDA:0,Object.<anonymous>.exports.set
FNDA:0,Object.<anonymous>.exports.get
FNDA:0,Object.<anonymous>.exports.mixin
FNDA:0,Object.<anonymous>.exports.merge
FNDA:39,Object.<anonymous>.exports.mixinEmitter
FNDA:0,Object.<anonymous>.exports.onExit
FNDA:702,Object.<anonymous>.exports.define
FNDA:43,Object.<anonymous>.exports.defineExport
FNDA:0,set
FNDA:0,get
FNDA:0,requireCombos
FNDA:0,requireKeypress
FNDA:0,requireTimer
FNDA:0,requireState
FNDA:0,requireStyles
FNDA:0,requireSymbols
FNDA:0,requireTheme
FNDA:0,requireAnsi
FNDA:0,requirePrompt
FNDA:0,requireRoles
FNDA:0,requireArray
FNDA:0,requireSelect
FNDA:0,requireAutocomplete
FNDA:0,requirePlaceholder
FNDA:0,requireForm
FNDA:0,requireAuth
FNDA:0,requireBasicauth
FNDA:0,requireBoolean
FNDA:0,requireConfirm
FNDA:0,requireEditable
FNDA:0,requireString
FNDA:0,requireCompleter
FNDA:0,requireInput
FNDA:0,requireInvisible
FNDA:0,requireList
FNDA:0,requireMultiselect
FNDA:0,requireNumber
FNDA:0,requireNumeral
FNDA:0,requirePassword
FNDA:0,requireScale
FNDA:0,requireInterpolate
FNDA:0,requireSnippet
FNDA:0,requireSort
FNDA:0,requireSurvey
FNDA:0,requireText
FNDA:0,requireToggle
FNDA:0,requireQuiz
FNDA:1,requirePrompts
FNDA:19,define
FNDA:0,requireTypes
FNDA:0,Enquirer
FNDA:0,register
FNDA:0,prompt
FNDA:0,ask
FNDA:0,use
FNDA:0,set Prompt
FNDA:0,get Prompt
FNDA:0,get prompts
FNDA:0,set Prompt
FNDA:0,get Prompt
FNDA:1,get prompts
FNDA:0,get types
FNDA:38,get prompt
FNDA:0,fn
FNDA:0,run
FNDA:0,get
FNDA:5,exp
FNDA:0,Object.<anonymous>.debug$1
FNDA:40,Object.<anonymous>.debug$1
FNDA:40,createToken
FNDA:0,parseOptions$2
FNDA:0,compareIdentifiers$1
FNDA:0,rcompareIdentifiers
FNDA:0,SemVer$d
FNDA:0,format
FNDA:0,toString
FNDA:0,compare
FNDA:0,compareMain
FNDA:0,comparePre
FNDA:0,compareBuild
FNDA:0,inc
FNDA:0,parse$8
FNDA:0,valid$2
FNDA:0,clean$1
FNDA:0,inc$1
FNDA:0,compare$b
FNDA:0,eq$3
FNDA:0,diff$1
FNDA:0,major$1
FNDA:0,minor$1
FNDA:0,patch$1
FNDA:0,prerelease$1
FNDA:0,rcompare$1
FNDA:0,compareLoose$1
FNDA:0,compareBuild$3
FNDA:0,sort$1
FNDA:0,rsort$1
FNDA:0,gt$4
FNDA:0,lt$3
FNDA:0,neq$2
FNDA:0,gte$3
FNDA:0,lte$3
FNDA:0,cmp$1
FNDA:0,coerce$1
FNDA:1,requireIterator
FNDA:1,iterator
FNDA:0,Yallist.<computed>
FNDA:1,requireYallist
FNDA:1,Yallist
FNDA:0,Yallist.removeNode
FNDA:0,Yallist.unshiftNode
FNDA:0,Yallist.pushNode
FNDA:0,Yallist.push
FNDA:0,Yallist.unshift
FNDA:0,Yallist.pop
FNDA:0,Yallist.shift
FNDA:0,Yallist.forEach
FNDA:0,Yallist.forEachReverse
FNDA:0,Yallist.get
FNDA:0,Yallist.getReverse
FNDA:0,Yallist.map
FNDA:0,Yallist.mapReverse
FNDA:0,Yallist.reduce
FNDA:0,Yallist.reduceReverse
FNDA:0,Yallist.toArray
FNDA:0,Yallist.toArrayReverse
FNDA:0,Yallist.slice
FNDA:0,Yallist.sliceReverse
FNDA:0,Yallist.splice
FNDA:0,Yallist.reverse
FNDA:0,insert
FNDA:0,push
FNDA:0,unshift
FNDA:0,Node
FNDA:1,requireLruCache
FNDA:0,naiveLength
FNDA:1,LRUCache
FNDA:0,set max
FNDA:0,get max
FNDA:0,set allowStale
FNDA:0,get allowStale
FNDA:0,set maxAge
FNDA:0,get maxAge
FNDA:0,set lengthCalculator
FNDA:0,get lengthCalculator
FNDA:0,get length
FNDA:0,get itemCount
FNDA:0,rforEach
FNDA:0,forEach
FNDA:0,keys
FNDA:0,values
FNDA:1,reset
FNDA:0,dump
FNDA:0,dumpLru
FNDA:0,set
FNDA:0,has
FNDA:0,get
FNDA:0,peek
FNDA:0,pop
FNDA:0,del
FNDA:0,load
FNDA:0,prune
FNDA:0,get
FNDA:0,isStale
FNDA:0,trim
FNDA:0,del
FNDA:0,Entry
FNDA:0,forEachStep
FNDA:11,requireRange
FNDA:0,Range
FNDA:0,format
FNDA:0,toString
FNDA:0,parseRange
FNDA:0,intersects
FNDA:0,test
FNDA:0,isNullSet
FNDA:0,isAny
FNDA:0,isSatisfiable
FNDA:0,parseComparator
FNDA:0,isX
FNDA:0,replaceTildes
FNDA:0,replaceTilde
FNDA:0,replaceCarets
FNDA:0,replaceCaret
FNDA:0,replaceXRanges
FNDA:0,replaceXRange
FNDA:0,replaceStars
FNDA:0,replaceGTE0
FNDA:0,hyphenReplace
FNDA:0,testSet
FNDA:4,requireComparator
FNDA:2,get ANY
FNDA:0,Comparator
FNDA:0,parse
FNDA:0,toString
FNDA:0,test
FNDA:0,intersects
FNDA:0,satisfies$4
FNDA:0,toComparators$1
FNDA:0,maxSatisfying$1
FNDA:0,minSatisfying$1
FNDA:0,minVersion$1
FNDA:0,validRange$1
FNDA:0,outside$3
FNDA:0,gtr$1
FNDA:0,ltr$1
FNDA:0,intersects$1
FNDA:0,simplify
FNDA:0,subset$1
FNDA:0,simpleSubset
FNDA:0,higherGT
FNDA:0,lowerLT
FNDA:0,requireWindows
FNDA:1,requireMode
FNDA:0,isexe
FNDA:0,sync
FNDA:0,checkStat
FNDA:0,checkMode
FNDA:0,isexe$1
FNDA:0,sync
FNDA:0,getNotFoundError
FNDA:0,getPathInfo
FNDA:0,which$1
FNDA:0,whichSync
FNDA:0,pathKey$1
FNDA:0,resolveCommandAttempt
FNDA:0,resolveCommand$1
FNDA:0,escapeCommand
FNDA:0,escapeArgument
FNDA:0,shebangCommand$1
FNDA:0,readShebang$1
FNDA:0,detectShebang
FNDA:0,parseNonShell
FNDA:0,parse$1
FNDA:0,notFoundError
FNDA:0,hookChildProcess
FNDA:0,verifyENOENT
FNDA:0,verifyENOENTSync
FNDA:0,spawn
FNDA:0,spawnSync
FNDA:0,stripFinalNewline
FNDA:0,pathKey
FNDA:0,npmRunPath
FNDA:0,npmRunPathEnv
FNDA:0,copyProperty
FNDA:0,canCopyProperty
FNDA:0,changePrototype
FNDA:0,wrappedToString
FNDA:0,changeToString
FNDA:0,mimicFunction
FNDA:0,onetime
FNDA:0,Object.<anonymous>.onetime.callCount
FNDA:2,getRealtimeSignals
FNDA:62,getRealtimeSignal
FNDA:2,getSignals
FNDA:138,normalizeSignal
FNDA:1,getSignalsByName
FNDA:69,getSignalByName
FNDA:1,getSignalsByNumber
FNDA:65,getSignalByNumber
FNDA:65,findSignalByNumber
FNDA:0,getErrorPrefix
FNDA:0,makeError
FNDA:0,hasAlias
FNDA:0,normalizeStdio
FNDA:1,requireSignals
FNDA:1,processOk
FNDA:0,Object.<anonymous>.signalExit.exports
FNDA:0,Object.<anonymous>.signalExit.exports
FNDA:0,unload
FNDA:0,emit
FNDA:0,listener
FNDA:0,Object.<anonymous>.signalExit.exports.signals
FNDA:0,load
FNDA:0,processReallyExit
FNDA:0,processEmit
FNDA:0,spawnedKill
FNDA:0,setKillTimeout
FNDA:0,shouldForceKill
FNDA:0,isSigterm
FNDA:0,getForceKillAfterTimeout
FNDA:0,spawnedCancel
FNDA:0,timeoutKill
FNDA:0,setupTimeout
FNDA:0,validateTimeout
FNDA:0,setExitHandler
FNDA:0,isStream
FNDA:0,bufferStream$1
FNDA:0,MaxBufferError
FNDA:0,getStream
FNDA:0,Object.<anonymous>.getStream$1.exports.buffer
FNDA:0,Object.<anonymous>.getStream$1.exports.array
FNDA:0,mergeStream
FNDA:0,handleInput
FNDA:0,makeAllStream
FNDA:0,getBufferedData
FNDA:0,getStreamPromise
FNDA:0,getSpawnedResult
FNDA:0,mergePromise
FNDA:0,getSpawnedPromise
FNDA:0,normalizeArgs
FNDA:0,escapeArg
FNDA:0,joinCommand
FNDA:0,getEscapedCommand
FNDA:0,getEnv
FNDA:0,handleArguments
FNDA:0,handleOutput
FNDA:0,execa
FNDA:2,kolorist
FNDA:1,escalade
FNDA:11,isMergeableObject
FNDA:11,isNonNullObject
FNDA:5,isSpecial
FNDA:5,isReactElement
FNDA:3,emptyTarget
FNDA:9,cloneUnlessOtherwiseSpecified
FNDA:2,defaultArrayMerge
FNDA:0,getMergeFunction
FNDA:4,getEnumerableOwnPropertySymbols
FNDA:4,getKeys
FNDA:12,propertyIsOnObject
FNDA:6,propertyIsUnsafe
FNDA:2,mergeObject
FNDA:4,deepmerge
FNDA:0,deepmergeAll
FNDA:1,requireOrImport
FNDA:0,ProloadError
FNDA:3,assert
FNDA:1,validNames
FNDA:1,isObject
FNDA:1,requireOrImportWithMiddleware
FNDA:0,resolveExtension
FNDA:1,resolveExtensions
FNDA:1,resolveConfig
FNDA:1,load
FNDA:1,transform
FNDA:1,Object.<anonymous>.load.use
DA:1,1
DA:2,1
DA:3,1
DA:4,1
DA:5,1
DA:6,1
DA:7,1
DA:8,1
DA:9,1
DA:10,1
DA:11,1
DA:12,1
DA:13,1
DA:14,1
DA:15,1
DA:16,1
DA:17,1
DA:18,1
DA:19,1
DA:20,1
DA:21,1
DA:22,14
DA:23,1
DA:24,0
DA:25,0
DA:26,0
DA:27,0
DA:28,0
DA:29,0
DA:30,0
DA:31,0
DA:32,0
DA:33,0
DA:34,0
DA:35,0
DA:36,0
DA:37,0
DA:38,0
DA:39,0
DA:40,0
DA:41,1
DA:42,1
DA:43,1
DA:44,1
DA:45,1
DA:46,1
DA:47,1
DA:48,1
DA:49,1
DA:50,1
DA:51,1
DA:52,1
DA:53,1
DA:54,1
DA:55,1
DA:56,1
DA:57,1
DA:58,1
DA:59,1
DA:60,0
DA:61,0
DA:62,0
DA:63,0
DA:64,0
DA:65,0
DA:66,0
DA:67,0
DA:68,0
DA:69,0
DA:70,0
DA:71,0
DA:72,0
DA:73,0
DA:74,0
DA:75,0
DA:76,0
DA:77,0
DA:78,0
DA:79,0
DA:80,0
DA:81,0
DA:82,0
DA:83,0
DA:84,0
DA:85,0
DA:86,0
DA:87,0
DA:88,0
DA:89,0
DA:90,0
DA:91,0
DA:92,0
DA:93,0
DA:94,0
DA:95,0
DA:96,0
DA:97,0
DA:98,0
DA:99,0
DA:100,0
DA:101,0
DA:102,0
DA:103,0
DA:104,0
DA:105,0
DA:106,0
DA:107,0
DA:108,0
DA:109,0
DA:110,0
DA:111,0
DA:112,0
DA:113,0
DA:114,0
DA:115,0
DA:116,0
DA:117,0
DA:118,0
DA:119,0
DA:120,0
DA:121,0
DA:122,0
DA:123,0
DA:124,0
DA:125,0
DA:126,0
DA:127,0
DA:128,0
DA:129,0
DA:130,0
DA:131,0
DA:132,0
DA:133,0
DA:134,0
DA:135,0
DA:136,0
DA:137,0
DA:138,0
DA:139,0
DA:140,0
DA:141,0
DA:142,0
DA:143,0
DA:144,0
DA:145,0
DA:146,0
DA:147,0
DA:148,0
DA:149,0
DA:150,0
DA:151,0
DA:152,0
DA:153,0
DA:154,0
DA:155,0
DA:156,0
DA:157,0
DA:158,0
DA:159,0
DA:160,0
DA:161,0
DA:162,0
DA:163,0
DA:164,0
DA:165,0
DA:166,0
DA:167,0
DA:168,0
DA:169,0
DA:170,0
DA:171,0
DA:172,0
DA:173,0
DA:174,0
DA:175,0
DA:176,0
DA:177,0
DA:178,0
DA:179,0
DA:180,0
DA:181,0
DA:182,0
DA:183,0
DA:184,0
DA:185,0
DA:186,0
DA:187,0
DA:188,0
DA:189,0
DA:190,0
DA:191,0
DA:192,0
DA:193,0
DA:194,0
DA:195,0
DA:196,0
DA:197,0
DA:198,0
DA:199,0
DA:200,0
DA:201,0
DA:202,0
DA:203,0
DA:204,0
DA:205,0
DA:206,0
DA:207,0
DA:208,0
DA:209,0
DA:210,0
DA:211,0
DA:212,0
DA:213,0
DA:214,0
DA:215,0
DA:216,0
DA:217,0
DA:218,0
DA:219,0
DA:220,0
DA:221,0
DA:222,0
DA:223,0
DA:224,0
DA:225,0
DA:226,0
DA:227,0
DA:228,0
DA:229,0
DA:230,0
DA:231,0
DA:232,0
DA:233,0
DA:234,0
DA:235,0
DA:236,0
DA:237,0
DA:238,0
DA:239,0
DA:240,0
DA:241,0
DA:242,0
DA:243,0
DA:244,0
DA:245,0
DA:246,0
DA:247,0
DA:248,0
DA:249,0
DA:250,0
DA:251,0
DA:252,0
DA:253,0
DA:254,0
DA:255,0
DA:256,0
DA:257,0
DA:258,0
DA:259,0
DA:260,0
DA:261,0
DA:262,0
DA:263,0
DA:264,0
DA:265,0
DA:266,0
DA:267,0
DA:268,0
DA:269,0
DA:270,0
DA:271,0
DA:272,0
DA:273,0
DA:274,0
DA:275,0
DA:276,0
DA:277,0
DA:278,0
DA:279,0
DA:280,0
DA:281,0
DA:282,0
DA:283,0
DA:284,0
DA:285,0
DA:286,1
DA:287,1
DA:288,0
DA:289,0
DA:290,0
DA:291,0
DA:292,0
DA:293,0
DA:294,0
DA:295,0
DA:296,0
DA:297,1
DA:298,0
DA:299,0
DA:300,0
DA:301,0
DA:302,0
DA:303,1
DA:304,1
DA:305,0
DA:306,0
DA:307,0
DA:308,1
DA:309,1
DA:310,1
DA:311,1
DA:312,1
DA:313,1
DA:314,1
DA:315,1
DA:316,1
DA:317,1
DA:318,1
DA:319,1
DA:320,1
DA:321,1
DA:322,1
DA:323,1
DA:324,1
DA:325,1
DA:326,1
DA:327,1
DA:328,1
DA:329,1
DA:330,1
DA:331,1
DA:332,1
DA:333,1
DA:334,1
DA:335,1
DA:336,1
DA:337,1
DA:338,1
DA:339,1
DA:340,1
DA:341,1
DA:342,1
DA:343,1
DA:344,1
DA:345,1
DA:346,1
DA:347,1
DA:348,1
DA:349,1
DA:350,1
DA:351,1
DA:352,1
DA:353,1
DA:354,1
DA:355,1
DA:356,1
DA:357,1
DA:358,1
DA:359,1
DA:360,1
DA:361,1
DA:362,1
DA:363,1
DA:364,1
DA:365,1
DA:366,1
DA:367,1
DA:368,1
DA:369,1
DA:370,1
DA:371,1
DA:372,1
DA:373,1
DA:374,1
DA:375,1
DA:376,1
DA:377,1
DA:378,1
DA:379,1
DA:380,1
DA:381,1
DA:382,1
DA:383,1
DA:384,1
DA:385,1
DA:386,1
DA:387,1
DA:388,1
DA:389,1
DA:390,1
DA:391,1
DA:392,1
DA:393,1
DA:394,1
DA:395,1
DA:396,1
DA:397,1
DA:398,1
DA:399,1
DA:400,1
DA:401,1
DA:402,1
DA:403,0
DA:404,1
DA:405,1
DA:406,1
DA:407,1
DA:408,1
DA:409,1
DA:410,1
DA:411,1
DA:412,1
DA:413,1
DA:414,1
DA:415,42
DA:416,42
DA:417,42
DA:418,42
DA:419,0
DA:420,0
DA:421,0
DA:422,0
DA:423,0
DA:424,0
DA:425,42
DA:426,42
DA:427,1
DA:428,1
DA:429,1
DA:430,0
DA:431,1
DA:432,1
DA:433,1
DA:434,0
DA:435,0
DA:436,0
DA:437,0
DA:438,0
DA:439,0
DA:440,0
DA:441,0
DA:442,0
DA:443,0
DA:444,0
DA:445,1
DA:446,1
DA:447,1
DA:448,42
DA:449,42
DA:450,42
DA:451,42
DA:452,42
DA:453,42
DA:454,42
DA:455,42
DA:456,0
DA:457,42
DA:458,42
DA:459,0
DA:460,0
DA:461,0
DA:462,0
DA:463,0
DA:464,42
DA:465,1
DA:466,1
DA:467,1
DA:468,1
DA:469,1
DA:470,1
DA:471,1
DA:472,1
DA:473,1
DA:474,1
DA:475,1
DA:476,1
DA:477,1
DA:478,1
DA:479,1
DA:480,1
DA:481,1
DA:482,1
DA:483,1
DA:484,1
DA:485,1
DA:486,1
DA:487,1
DA:488,1
DA:489,1
DA:490,1
DA:491,1
DA:492,1
DA:493,1
DA:494,1
DA:495,1
DA:496,1
DA:497,1
DA:498,1
DA:499,1
DA:500,1
DA:501,1
DA:502,1
DA:503,1
DA:504,1
DA:505,1
DA:506,1
DA:507,1
DA:508,1
DA:509,1
DA:510,1
DA:511,1
DA:512,1
DA:513,1
DA:514,1
DA:515,1
DA:516,0
DA:517,0
DA:518,1
DA:519,1
DA:520,1
DA:521,2
DA:522,2
DA:523,2
DA:524,0
DA:525,0
DA:526,2
DA:527,2
DA:528,2
DA:529,2
DA:530,2
DA:531,2
DA:532,2
DA:533,2
DA:534,2
DA:535,2
DA:536,2
DA:537,0
DA:538,2
DA:539,2
DA:540,2
DA:541,2
DA:542,2
DA:543,2
DA:544,2
DA:545,2
DA:546,1
DA:547,1
DA:548,1
DA:549,0
DA:550,0
DA:551,0
DA:552,0
DA:553,0
DA:554,1
DA:555,1
DA:556,1
DA:557,0
DA:558,0
DA:559,0
DA:560,0
DA:561,0
DA:562,1
DA:563,1
DA:564,1
DA:565,1
DA:566,1
DA:567,1
DA:568,1
DA:569,1
DA:570,1
DA:571,1
DA:572,1
DA:573,1
DA:574,1
DA:575,1
DA:576,1
DA:577,1
DA:578,1
DA:579,1
DA:580,1
DA:581,1
DA:582,1
DA:583,1
DA:584,1
DA:585,1
DA:586,1
DA:587,1
DA:588,1
DA:589,1
DA:590,1
DA:591,1
DA:592,1
DA:593,1
DA:594,1
DA:595,0
DA:596,1
DA:597,1
DA:598,1
DA:599,1
DA:600,1
DA:601,0
DA:602,1
DA:603,1
DA:604,1
DA:605,0
DA:606,1
DA:607,1
DA:608,1
DA:609,0
DA:610,1
DA:611,1
DA:612,1
DA:613,0
DA:614,1
DA:615,1
DA:616,1
DA:617,0
DA:618,0
DA:619,0
DA:620,0
DA:621,1
DA:622,1
DA:623,1
DA:624,1
DA:625,1
DA:626,1
DA:627,0
DA:628,0
DA:629,0
DA:630,0
DA:631,0
DA:632,0
DA:633,0
DA:634,1
DA:635,1
DA:636,1
DA:637,0
DA:638,0
DA:639,0
DA:640,0
DA:641,0
DA:642,1
DA:643,1
DA:644,1
DA:645,0
DA:646,0
DA:647,0
DA:648,0
DA:649,0
DA:650,0
DA:651,0
DA:652,0
DA:653,1
DA:654,1
DA:655,1
DA:656,0
DA:657,0
DA:658,0
DA:659,0
DA:660,0
DA:661,1
DA:662,1
DA:663,1
DA:664,0
DA:665,0
DA:666,0
DA:667,0
DA:668,0
DA:669,0
DA:670,0
DA:671,0
DA:672,0
DA:673,0
DA:674,0
DA:675,0
DA:676,0
DA:677,0
DA:678,0
DA:679,0
DA:680,0
DA:681,1
DA:682,1
DA:683,1
DA:684,0
DA:685,0
DA:686,0
DA:687,0
DA:688,0
DA:689,0
DA:690,0
DA:691,0
DA:692,0
DA:693,1
DA:694,1
DA:695,1
DA:696,1
DA:697,1
DA:698,0
DA:699,0
DA:700,0
DA:701,0
DA:702,0
DA:703,0
DA:704,0
DA:705,0
DA:706,0
DA:707,0
DA:708,0
DA:709,1
DA:710,1
DA:711,1
DA:712,0
DA:713,0
DA:714,0
DA:715,0
DA:716,0
DA:717,0
DA:718,0
DA:719,0
DA:720,0
DA:721,0
DA:722,0
DA:723,0
DA:724,0
DA:725,1
DA:726,1
DA:727,1
DA:728,0
DA:729,0
DA:730,0
DA:731,0
DA:732,0
DA:733,0
DA:734,0
DA:735,1
DA:736,1
DA:737,1
DA:738,1
DA:739,1
DA:740,1
DA:741,1
DA:742,1
DA:743,1
DA:744,1
DA:745,0
DA:746,0
DA:747,0
DA:748,0
DA:749,0
DA:750,1
DA:751,1
DA:752,1
DA:753,1
DA:754,1
DA:755,1
DA:756,1
DA:757,1
DA:758,1
DA:759,0
DA:760,0
DA:761,0
DA:762,0
DA:763,1
DA:764,1
DA:765,1
DA:766,0
DA:767,0
DA:768,0
DA:769,0
DA:770,0
DA:771,0
DA:772,0
DA:773,0
DA:774,0
DA:775,0
DA:776,0
DA:777,0
DA:778,0
DA:779,0
DA:780,0
DA:781,0
DA:782,0
DA:783,0
DA:784,0
DA:785,0
DA:786,1
DA:787,1
DA:788,1
DA:789,0
DA:790,0
DA:791,0
DA:792,1
DA:793,1
DA:794,1
DA:795,39
DA:796,39
DA:797,702
DA:798,702
DA:799,585
DA:800,702
DA:801,117
DA:802,117
DA:803,702
DA:804,1
DA:805,1
DA:806,1
DA:807,0
DA:808,0
DA:809,0
DA:810,0
DA:811,0
DA:812,0
DA:813,0
DA:814,0
DA:815,0
DA:816,0
DA:817,0
DA:818,0
DA:819,0
DA:820,0
DA:821,0
DA:822,0
DA:823,0
DA:824,0
DA:825,1
DA:826,1
DA:827,1
DA:828,702
DA:829,1
DA:830,1
DA:831,1
DA:832,43
DA:833,43
DA:834,43
DA:835,43
DA:836,43
DA:837,0
DA:838,43
DA:839,43
DA:840,0
DA:841,0
DA:842,43
DA:843,1
DA:844,1
DA:845,1
DA:846,1
DA:847,1
DA:848,1
DA:849,1
DA:850,0
DA:851,0
DA:852,0
DA:853,0
DA:854,0
DA:855,0
DA:856,0
DA:857,0
DA:858,0
DA:859,0
DA:860,0
DA:861,0
DA:862,0
DA:863,0
DA:864,0
DA:865,0
DA:866,0
DA:867,0
DA:868,0
DA:869,0
DA:870,0
DA:871,0
DA:872,0
DA:873,0
DA:874,0
DA:875,0
DA:876,0
DA:877,0
DA:878,0
DA:879,0
DA:880,0
DA:881,0
DA:882,0
DA:883,0
DA:884,0
DA:885,0
DA:886,0
DA:887,0
DA:888,0
DA:889,0
DA:890,0
DA:891,0
DA:892,0
DA:893,0
DA:894,0
DA:895,0
DA:896,0
DA:897,0
DA:898,0
DA:899,0
DA:900,0
DA:901,0
DA:902,0
DA:903,0
DA:904,0
DA:905,0
DA:906,0
DA:907,0
DA:908,0
DA:909,0
DA:910,0
DA:911,0
DA:912,0
DA:913,0
DA:914,0
DA:915,0
DA:916,0
DA:917,0
DA:918,0
DA:919,0
DA:920,0
DA:921,0
DA:922,0
DA:923,0
DA:924,0
DA:925,0
DA:926,0
DA:927,0
DA:928,0
DA:929,1
DA:930,1
DA:931,1
DA:932,1
DA:933,0
DA:934,0
DA:935,0
DA:936,0
DA:937,0
DA:938,0
DA:939,0
DA:940,0
DA:941,0
DA:942,0
DA:943,0
DA:944,0
DA:945,0
DA:946,0
DA:947,0
DA:948,0
DA:949,0
DA:950,0
DA:951,0
DA:952,0
DA:953,0
DA:954,0
DA:955,0
DA:956,0
DA:957,0
DA:958,0
DA:959,0
DA:960,0
DA:961,0
DA:962,0
DA:963,0
DA:964,0
DA:965,0
DA:966,0
DA:967,0
DA:968,0
DA:969,0
DA:970,0
DA:971,0
DA:972,0
DA:973,0
DA:974,0
DA:975,0
DA:976,0
DA:977,0
DA:978,0
DA:979,0
DA:980,0
DA:981,0
DA:982,0
DA:983,0
DA:984,0
DA:985,0
DA:986,0
DA:987,0
DA:988,0
DA:989,0
DA:990,0
DA:991,0
DA:992,0
DA:993,0
DA:994,0
DA:995,0
DA:996,0
DA:997,0
DA:998,0
DA:999,0
DA:1000,0
DA:1001,0
DA:1002,0
DA:1003,0
DA:1004,0
DA:1005,0
DA:1006,0
DA:1007,0
DA:1008,0
DA:1009,0
DA:1010,0
DA:1011,0
DA:1012,0
DA:1013,0
DA:1014,0
DA:1015,0
DA:1016,0
DA:1017,0
DA:1018,0
DA:1019,0
DA:1020,0
DA:1021,0
DA:1022,0
DA:1023,0
DA:1024,0
DA:1025,0
DA:1026,0
DA:1027,0
DA:1028,0
DA:1029,0
DA:1030,0
DA:1031,0
DA:1032,0
DA:1033,0
DA:1034,0
DA:1035,0
DA:1036,0
DA:1037,0
DA:1038,0
DA:1039,0
DA:1040,0
DA:1041,0
DA:1042,0
DA:1043,0
DA:1044,0
DA:1045,0
DA:1046,0
DA:1047,0
DA:1048,0
DA:1049,0
DA:1050,0
DA:1051,0
DA:1052,0
DA:1053,0
DA:1054,0
DA:1055,0
DA:1056,0
DA:1057,0
DA:1058,0
DA:1059,0
DA:1060,0
DA:1061,0
DA:1062,0
DA:1063,0
DA:1064,0
DA:1065,0
DA:1066,0
DA:1067,0
DA:1068,0
DA:1069,0
DA:1070,0
DA:1071,0
DA:1072,0
DA:1073,0
DA:1074,0
DA:1075,0
DA:1076,0
DA:1077,0
DA:1078,0
DA:1079,0
DA:1080,0
DA:1081,0
DA:1082,0
DA:1083,0
DA:1084,0
DA:1085,0
DA:1086,0
DA:1087,0
DA:1088,0
DA:1089,0
DA:1090,0
DA:1091,0
DA:1092,0
DA:1093,0
DA:1094,0
DA:1095,0
DA:1096,0
DA:1097,0
DA:1098,0
DA:1099,0
DA:1100,0
DA:1101,0
DA:1102,0
DA:1103,0
DA:1104,0
DA:1105,0
DA:1106,0
DA:1107,0
DA:1108,0
DA:1109,0
DA:1110,0
DA:1111,0
DA:1112,0
DA:1113,0
DA:1114,0
DA:1115,0
DA:1116,0
DA:1117,0
DA:1118,0
DA:1119,0
DA:1120,0
DA:1121,0
DA:1122,0
DA:1123,0
DA:1124,0
DA:1125,0
DA:1126,0
DA:1127,0
DA:1128,0
DA:1129,0
DA:1130,0
DA:1131,0
DA:1132,0
DA:1133,0
DA:1134,0
DA:1135,0
DA:1136,0
DA:1137,0
DA:1138,0
DA:1139,0
DA:1140,0
DA:1141,0
DA:1142,0
DA:1143,0
DA:1144,0
DA:1145,0
DA:1146,0
DA:1147,0
DA:1148,0
DA:1149,0
DA:1150,0
DA:1151,0
DA:1152,0
DA:1153,0
DA:1154,0
DA:1155,0
DA:1156,0
DA:1157,0
DA:1158,0
DA:1159,0
DA:1160,0
DA:1161,0
DA:1162,0
DA:1163,0
DA:1164,0
DA:1165,0
DA:1166,0
DA:1167,0
DA:1168,0
DA:1169,0
DA:1170,0
DA:1171,0
DA:1172,0
DA:1173,0
DA:1174,0
DA:1175,0
DA:1176,0
DA:1177,0
DA:1178,0
DA:1179,0
DA:1180,1
DA:1181,1
DA:1182,1
DA:1183,1
DA:1184,0
DA:1185,0
DA:1186,0
DA:1187,0
DA:1188,0
DA:1189,0
DA:1190,0
DA:1191,0
DA:1192,0
DA:1193,0
DA:1194,0
DA:1195,0
DA:1196,0
DA:1197,0
DA:1198,0
DA:1199,0
DA:1200,0
DA:1201,0
DA:1202,0
DA:1203,0
DA:1204,0
DA:1205,0
DA:1206,0
DA:1207,0
DA:1208,0
DA:1209,0
DA:1210,0
DA:1211,0
DA:1212,0
DA:1213,0
DA:1214,0
DA:1215,0
DA:1216,0
DA:1217,0
DA:1218,0
DA:1219,0
DA:1220,0
DA:1221,0
DA:1222,0
DA:1223,0
DA:1224,0
DA:1225,0
DA:1226,1
DA:1227,1
DA:1228,1
DA:1229,1
DA:1230,0
DA:1231,0
DA:1232,0
DA:1233,0
DA:1234,0
DA:1235,0
DA:1236,0
DA:1237,0
DA:1238,0
DA:1239,0
DA:1240,0
DA:1241,0
DA:1242,0
DA:1243,0
DA:1244,0
DA:1245,0
DA:1246,0
DA:1247,0
DA:1248,0
DA:1249,0
DA:1250,0
DA:1251,0
DA:1252,0
DA:1253,0
DA:1254,0
DA:1255,0
DA:1256,0
DA:1257,0
DA:1258,0
DA:1259,0
DA:1260,0
DA:1261,0
DA:1262,0
DA:1263,0
DA:1264,0
DA:1265,0
DA:1266,0
DA:1267,0
DA:1268,0
DA:1269,0
DA:1270,0
DA:1271,0
DA:1272,0
DA:1273,0
DA:1274,0
DA:1275,0
DA:1276,0
DA:1277,0
DA:1278,0
DA:1279,0
DA:1280,0
DA:1281,0
DA:1282,0
DA:1283,0
DA:1284,0
DA:1285,0
DA:1286,0
DA:1287,0
DA:1288,0
DA:1289,0
DA:1290,0
DA:1291,0
DA:1292,0
DA:1293,0
DA:1294,0
DA:1295,0
DA:1296,0
DA:1297,0
DA:1298,0
DA:1299,0
DA:1300,0
DA:1301,0
DA:1302,0
DA:1303,1
DA:1304,1
DA:1305,1
DA:1306,1
DA:1307,0
DA:1308,0
DA:1309,0
DA:1310,0
DA:1311,0
DA:1312,0
DA:1313,0
DA:1314,0
DA:1315,0
DA:1316,0
DA:1317,0
DA:1318,0
DA:1319,0
DA:1320,0
DA:1321,0
DA:1322,0
DA:1323,0
DA:1324,0
DA:1325,0
DA:1326,0
DA:1327,0
DA:1328,0
DA:1329,0
DA:1330,0
DA:1331,0
DA:1332,0
DA:1333,0
DA:1334,0
DA:1335,0
DA:1336,0
DA:1337,0
DA:1338,0
DA:1339,0
DA:1340,0
DA:1341,0
DA:1342,0
DA:1343,0
DA:1344,0
DA:1345,0
DA:1346,0
DA:1347,0
DA:1348,0
DA:1349,0
DA:1350,0
DA:1351,0
DA:1352,0
DA:1353,0
DA:1354,0
DA:1355,0
DA:1356,0
DA:1357,0
DA:1358,0
DA:1359,0
DA:1360,0
DA:1361,0
DA:1362,0
DA:1363,0
DA:1364,0
DA:1365,0
DA:1366,0
DA:1367,0
DA:1368,0
DA:1369,0
DA:1370,0
DA:1371,0
DA:1372,0
DA:1373,0
DA:1374,0
DA:1375,0
DA:1376,0
DA:1377,0
DA:1378,0
DA:1379,0
DA:1380,0
DA:1381,0
DA:1382,0
DA:1383,0
DA:1384,0
DA:1385,0
DA:1386,0
DA:1387,0
DA:1388,0
DA:1389,0
DA:1390,0
DA:1391,0
DA:1392,0
DA:1393,0
DA:1394,0
DA:1395,0
DA:1396,0
DA:1397,0
DA:1398,0
DA:1399,0
DA:1400,0
DA:1401,0
DA:1402,0
DA:1403,0
DA:1404,0
DA:1405,0
DA:1406,0
DA:1407,0
DA:1408,0
DA:1409,0
DA:1410,0
DA:1411,0
DA:1412,0
DA:1413,0
DA:1414,0
DA:1415,0
DA:1416,0
DA:1417,0
DA:1418,0
DA:1419,0
DA:1420,0
DA:1421,0
DA:1422,0
DA:1423,0
DA:1424,0
DA:1425,0
DA:1426,0
DA:1427,0
DA:1428,0
DA:1429,0
DA:1430,0
DA:1431,0
DA:1432,0
DA:1433,0
DA:1434,0
DA:1435,0
DA:1436,0
DA:1437,0
DA:1438,0
DA:1439,0
DA:1440,0
DA:1441,0
DA:1442,0
DA:1443,0
DA:1444,0
DA:1445,0
DA:1446,0
DA:1447,0
DA:1448,0
DA:1449,0
DA:1450,0
DA:1451,0
DA:1452,0
DA:1453,0
DA:1454,0
DA:1455,1
DA:1456,1
DA:1457,1
DA:1458,1
DA:1459,0
DA:1460,0
DA:1461,0
DA:1462,0
DA:1463,0
DA:1464,0
DA:1465,0
DA:1466,0
DA:1467,0
DA:1468,0
DA:1469,0
DA:1470,0
DA:1471,0
DA:1472,0
DA:1473,0
DA:1474,0
DA:1475,0
DA:1476,0
DA:1477,0
DA:1478,0
DA:1479,0
DA:1480,0
DA:1481,0
DA:1482,0
DA:1483,0
DA:1484,0
DA:1485,0
DA:1486,0
DA:1487,0
DA:1488,0
DA:1489,0
DA:1490,0
DA:1491,0
DA:1492,0
DA:1493,0
DA:1494,0
DA:1495,0
DA:1496,0
DA:1497,0
DA:1498,0
DA:1499,0
DA:1500,0
DA:1501,0
DA:1502,0
DA:1503,0
DA:1504,0
DA:1505,0
DA:1506,0
DA:1507,0
DA:1508,0
DA:1509,0
DA:1510,0
DA:1511,0
DA:1512,0
DA:1513,0
DA:1514,0
DA:1515,0
DA:1516,0
DA:1517,0
DA:1518,0
DA:1519,0
DA:1520,0
DA:1521,0
DA:1522,0
DA:1523,0
DA:1524,0
DA:1525,0
DA:1526,0
DA:1527,0
DA:1528,1
DA:1529,1
DA:1530,1
DA:1531,1
DA:1532,0
DA:1533,0
DA:1534,0
DA:1535,0
DA:1536,0
DA:1537,0
DA:1538,0
DA:1539,0
DA:1540,0
DA:1541,0
DA:1542,0
DA:1543,0
DA:1544,0
DA:1545,0
DA:1546,0
DA:1547,1
DA:1548,1
DA:1549,1
DA:1550,1
DA:1551,1
DA:1552,0
DA:1553,0
DA:1554,0
DA:1555,0
DA:1556,0
DA:1557,0
DA:1558,0
DA:1559,0
DA:1560,0
DA:1561,0
DA:1562,0
DA:1563,0
DA:1564,0
DA:1565,0
DA:1566,0
DA:1567,0
DA:1568,0
DA:1569,0
DA:1570,0
DA:1571,0
DA:1572,0
DA:1573,0
DA:1574,0
DA:1575,0
DA:1576,0
DA:1577,0
DA:1578,0
DA:1579,0
DA:1580,0
DA:1581,0
DA:1582,0
DA:1583,0
DA:1584,0
DA:1585,0
DA:1586,0
DA:1587,0
DA:1588,0
DA:1589,0
DA:1590,0
DA:1591,0
DA:1592,0
DA:1593,0
DA:1594,0
DA:1595,0
DA:1596,0
DA:1597,0
DA:1598,0
DA:1599,0
DA:1600,0
DA:1601,0
DA:1602,0
DA:1603,0
DA:1604,0
DA:1605,0
DA:1606,0
DA:1607,0
DA:1608,0
DA:1609,0
DA:1610,0
DA:1611,0
DA:1612,0
DA:1613,0
DA:1614,0
DA:1615,0
DA:1616,0
DA:1617,0
DA:1618,0
DA:1619,0
DA:1620,0
DA:1621,0
DA:1622,0
DA:1623,0
DA:1624,0
DA:1625,0
DA:1626,0
DA:1627,0
DA:1628,0
DA:1629,0
DA:1630,0
DA:1631,0
DA:1632,0
DA:1633,0
DA:1634,0
DA:1635,0
DA:1636,0
DA:1637,0
DA:1638,0
DA:1639,0
DA:1640,0
DA:1641,0
DA:1642,0
DA:1643,0
DA:1644,0
DA:1645,0
DA:1646,0
DA:1647,0
DA:1648,0
DA:1649,0
DA:1650,0
DA:1651,0
DA:1652,0
DA:1653,0
DA:1654,0
DA:1655,0
DA:1656,0
DA:1657,0
DA:1658,0
DA:1659,0
DA:1660,0
DA:1661,0
DA:1662,0
DA:1663,0
DA:1664,0
DA:1665,0
DA:1666,0
DA:1667,0
DA:1668,0
DA:1669,0
DA:1670,0
DA:1671,0
DA:1672,0
DA:1673,0
DA:1674,1
DA:1675,1
DA:1676,1
DA:1677,1
DA:1678,0
DA:1679,0
DA:1680,0
DA:1681,0
DA:1682,0
DA:1683,0
DA:1684,0
DA:1685,0
DA:1686,0
DA:1687,0
DA:1688,0
DA:1689,0
DA:1690,0
DA:1691,0
DA:1692,0
DA:1693,0
DA:1694,0
DA:1695,0
DA:1696,0
DA:1697,0
DA:1698,0
DA:1699,0
DA:1700,0
DA:1701,0
DA:1702,0
DA:1703,0
DA:1704,0
DA:1705,0
DA:1706,0
DA:1707,0
DA:1708,0
DA:1709,0
DA:1710,0
DA:1711,0
DA:1712,0
DA:1713,0
DA:1714,0
DA:1715,0
DA:1716,0
DA:1717,0
DA:1718,0
DA:1719,0
DA:1720,0
DA:1721,0
DA:1722,0
DA:1723,0
DA:1724,0
DA:1725,0
DA:1726,0
DA:1727,0
DA:1728,0
DA:1729,0
DA:1730,0
DA:1731,0
DA:1732,0
DA:1733,0
DA:1734,0
DA:1735,0
DA:1736,0
DA:1737,0
DA:1738,0
DA:1739,0
DA:1740,0
DA:1741,0
DA:1742,0
DA:1743,0
DA:1744,0
DA:1745,0
DA:1746,0
DA:1747,0
DA:1748,0
DA:1749,0
DA:1750,0
DA:1751,0
DA:1752,0
DA:1753,0
DA:1754,0
DA:1755,0
DA:1756,0
DA:1757,0
DA:1758,0
DA:1759,0
DA:1760,0
DA:1761,0
DA:1762,0
DA:1763,0
DA:1764,0
DA:1765,0
DA:1766,0
DA:1767,0
DA:1768,0
DA:1769,0
DA:1770,0
DA:1771,0
DA:1772,0
DA:1773,0
DA:1774,0
DA:1775,0
DA:1776,0
DA:1777,0
DA:1778,0
DA:1779,0
DA:1780,0
DA:1781,0
DA:1782,0
DA:1783,0
DA:1784,0
DA:1785,0
DA:1786,0
DA:1787,0
DA:1788,0
DA:1789,0
DA:1790,0
DA:1791,0
DA:1792,0
DA:1793,0
DA:1794,0
DA:1795,0
DA:1796,0
DA:1797,0
DA:1798,0
DA:1799,0
DA:1800,0
DA:1801,0
DA:1802,0
DA:1803,0
DA:1804,0
DA:1805,0
DA:1806,0
DA:1807,0
DA:1808,0
DA:1809,0
DA:1810,0
DA:1811,0
DA:1812,0
DA:1813,0
DA:1814,0
DA:1815,0
DA:1816,0
DA:1817,0
DA:1818,0
DA:1819,0
DA:1820,0
DA:1821,0
DA:1822,0
DA:1823,0
DA:1824,0
DA:1825,0
DA:1826,0
DA:1827,0
DA:1828,0
DA:1829,0
DA:1830,0
DA:1831,0
DA:1832,0
DA:1833,0
DA:1834,0
DA:1835,0
DA:1836,0
DA:1837,0
DA:1838,0
DA:1839,0
DA:1840,0
DA:1841,0
DA:1842,0
DA:1843,0
DA:1844,0
DA:1845,0
DA:1846,0
DA:1847,0
DA:1848,0
DA:1849,0
DA:1850,0
DA:1851,0
DA:1852,0
DA:1853,0
DA:1854,0
DA:1855,0
DA:1856,0
DA:1857,0
DA:1858,0
DA:1859,0
DA:1860,0
DA:1861,0
DA:1862,0
DA:1863,0
DA:1864,0
DA:1865,0
DA:1866,0
DA:1867,0
DA:1868,0
DA:1869,0
DA:1870,0
DA:1871,0
DA:1872,0
DA:1873,0
DA:1874,0
DA:1875,0
DA:1876,0
DA:1877,0
DA:1878,0
DA:1879,0
DA:1880,0
DA:1881,0
DA:1882,0
DA:1883,0
DA:1884,0
DA:1885,0
DA:1886,0
DA:1887,0
DA:1888,0
DA:1889,0
DA:1890,0
DA:1891,0
DA:1892,0
DA:1893,0
DA:1894,0
DA:1895,0
DA:1896,0
DA:1897,0
DA:1898,0
DA:1899,0
DA:1900,0
DA:1901,0
DA:1902,0
DA:1903,0
DA:1904,0
DA:1905,0
DA:1906,0
DA:1907,0
DA:1908,0
DA:1909,0
DA:1910,0
DA:1911,0
DA:1912,0
DA:1913,0
DA:1914,0
DA:1915,0
DA:1916,0
DA:1917,0
DA:1918,0
DA:1919,0
DA:1920,0
DA:1921,0
DA:1922,0
DA:1923,0
DA:1924,0
DA:1925,0
DA:1926,0
DA:1927,0
DA:1928,0
DA:1929,0
DA:1930,0
DA:1931,0
DA:1932,0
DA:1933,0
DA:1934,0
DA:1935,0
DA:1936,0
DA:1937,0
DA:1938,0
DA:1939,0
DA:1940,0
DA:1941,0
DA:1942,0
DA:1943,0
DA:1944,0
DA:1945,0
DA:1946,0
DA:1947,0
DA:1948,0
DA:1949,0
DA:1950,0
DA:1951,0
DA:1952,0
DA:1953,0
DA:1954,0
DA:1955,0
DA:1956,0
DA:1957,0
DA:1958,0
DA:1959,0
DA:1960,0
DA:1961,0
DA:1962,0
DA:1963,0
DA:1964,0
DA:1965,0
DA:1966,0
DA:1967,0
DA:1968,0
DA:1969,0
DA:1970,0
DA:1971,0
DA:1972,0
DA:1973,0
DA:1974,0
DA:1975,0
DA:1976,0
DA:1977,0
DA:1978,0
DA:1979,0
DA:1980,0
DA:1981,0
DA:1982,0
DA:1983,0
DA:1984,0
DA:1985,0
DA:1986,0
DA:1987,0
DA:1988,0
DA:1989,0
DA:1990,0
DA:1991,0
DA:1992,0
DA:1993,0
DA:1994,0
DA:1995,0
DA:1996,0
DA:1997,0
DA:1998,0
DA:1999,0
DA:2000,0
DA:2001,0
DA:2002,0
DA:2003,0
DA:2004,0
DA:2005,0
DA:2006,0
DA:2007,0
DA:2008,0
DA:2009,0
DA:2010,0
DA:2011,0
DA:2012,0
DA:2013,0
DA:2014,0
DA:2015,0
DA:2016,0
DA:2017,0
DA:2018,0
DA:2019,0
DA:2020,0
DA:2021,0
DA:2022,0
DA:2023,0
DA:2024,0
DA:2025,0
DA:2026,0
DA:2027,0
DA:2028,0
DA:2029,0
DA:2030,0
DA:2031,0
DA:2032,0
DA:2033,0
DA:2034,0
DA:2035,0
DA:2036,0
DA:2037,0
DA:2038,0
DA:2039,0
DA:2040,0
DA:2041,0
DA:2042,0
DA:2043,0
DA:2044,0
DA:2045,0
DA:2046,0
DA:2047,0
DA:2048,0
DA:2049,0
DA:2050,0
DA:2051,0
DA:2052,0
DA:2053,0
DA:2054,0
DA:2055,0
DA:2056,0
DA:2057,0
DA:2058,0
DA:2059,0
DA:2060,0
DA:2061,0
DA:2062,0
DA:2063,0
DA:2064,0
DA:2065,0
DA:2066,0
DA:2067,0
DA:2068,0
DA:2069,0
DA:2070,0
DA:2071,0
DA:2072,0
DA:2073,0
DA:2074,0
DA:2075,0
DA:2076,0
DA:2077,0
DA:2078,0
DA:2079,0
DA:2080,0
DA:2081,0
DA:2082,0
DA:2083,0
DA:2084,0
DA:2085,0
DA:2086,0
DA:2087,0
DA:2088,0
DA:2089,0
DA:2090,0
DA:2091,0
DA:2092,0
DA:2093,0
DA:2094,0
DA:2095,0
DA:2096,0
DA:2097,0
DA:2098,0
DA:2099,0
DA:2100,0
DA:2101,0
DA:2102,0
DA:2103,0
DA:2104,0
DA:2105,0
DA:2106,0
DA:2107,0
DA:2108,0
DA:2109,0
DA:2110,0
DA:2111,0
DA:2112,0
DA:2113,0
DA:2114,0
DA:2115,0
DA:2116,0
DA:2117,0
DA:2118,0
DA:2119,0
DA:2120,0
DA:2121,0
DA:2122,0
DA:2123,0
DA:2124,0
DA:2125,0
DA:2126,0
DA:2127,0
DA:2128,0
DA:2129,0
DA:2130,0
DA:2131,0
DA:2132,0
DA:2133,0
DA:2134,0
DA:2135,0
DA:2136,0
DA:2137,0
DA:2138,0
DA:2139,0
DA:2140,0
DA:2141,0
DA:2142,0
DA:2143,0
DA:2144,0
DA:2145,0
DA:2146,0
DA:2147,0
DA:2148,0
DA:2149,0
DA:2150,0
DA:2151,0
DA:2152,0
DA:2153,0
DA:2154,0
DA:2155,0
DA:2156,0
DA:2157,0
DA:2158,0
DA:2159,0
DA:2160,0
DA:2161,0
DA:2162,0
DA:2163,0
DA:2164,0
DA:2165,0
DA:2166,0
DA:2167,1
DA:2168,1
DA:2169,1
DA:2170,1
DA:2171,1
DA:2172,1
DA:2173,0
DA:2174,0
DA:2175,0
DA:2176,0
DA:2177,0
DA:2178,0
DA:2179,0
DA:2180,0
DA:2181,0
DA:2182,0
DA:2183,0
DA:2184,0
DA:2185,0
DA:2186,0
DA:2187,0
DA:2188,0
DA:2189,0
DA:2190,0
DA:2191,0
DA:2192,0
DA:2193,0
DA:2194,0
DA:2195,0
DA:2196,0
DA:2197,0
DA:2198,0
DA:2199,0
DA:2200,0
DA:2201,0
DA:2202,0
DA:2203,0
DA:2204,0
DA:2205,0
DA:2206,0
DA:2207,0
DA:2208,0
DA:2209,0
DA:2210,0
DA:2211,0
DA:2212,0
DA:2213,0
DA:2214,0
DA:2215,0
DA:2216,0
DA:2217,0
DA:2218,0
DA:2219,0
DA:2220,0
DA:2221,0
DA:2222,0
DA:2223,1
DA:2224,1
DA:2225,1
DA:2226,1
DA:2227,0
DA:2228,0
DA:2229,0
DA:2230,0
DA:2231,0
DA:2232,0
DA:2233,0
DA:2234,0
DA:2235,0
DA:2236,0
DA:2237,0
DA:2238,0
DA:2239,0
DA:2240,0
DA:2241,0
DA:2242,0
DA:2243,0
DA:2244,0
DA:2245,0
DA:2246,0
DA:2247,0
DA:2248,0
DA:2249,0
DA:2250,0
DA:2251,0
DA:2252,0
DA:2253,0
DA:2254,0
DA:2255,0
DA:2256,0
DA:2257,0
DA:2258,0
DA:2259,0
DA:2260,0
DA:2261,0
DA:2262,0
DA:2263,0
DA:2264,0
DA:2265,0
DA:2266,0
DA:2267,0
DA:2268,0
DA:2269,0
DA:2270,0
DA:2271,0
DA:2272,0
DA:2273,0
DA:2274,0
DA:2275,0
DA:2276,0
DA:2277,0
DA:2278,0
DA:2279,0
DA:2280,0
DA:2281,0
DA:2282,0
DA:2283,0
DA:2284,0
DA:2285,0
DA:2286,0
DA:2287,0
DA:2288,0
DA:2289,0
DA:2290,0
DA:2291,0
DA:2292,0
DA:2293,0
DA:2294,0
DA:2295,0
DA:2296,0
DA:2297,0
DA:2298,0
DA:2299,0
DA:2300,0
DA:2301,0
DA:2302,0
DA:2303,0
DA:2304,0
DA:2305,0
DA:2306,0
DA:2307,0
DA:2308,0
DA:2309,0
DA:2310,0
DA:2311,0
DA:2312,0
DA:2313,0
DA:2314,0
DA:2315,0
DA:2316,0
DA:2317,0
DA:2318,0
DA:2319,0
DA:2320,0
DA:2321,0
DA:2322,0
DA:2323,0
DA:2324,0
DA:2325,0
DA:2326,0
DA:2327,0
DA:2328,0
DA:2329,0
DA:2330,0
DA:2331,0
DA:2332,0
DA:2333,0
DA:2334,0
DA:2335,0
DA:2336,0
DA:2337,0
DA:2338,0
DA:2339,0
DA:2340,0
DA:2341,0
DA:2342,0
DA:2343,0
DA:2344,0
DA:2345,0
DA:2346,0
DA:2347,0
DA:2348,0
DA:2349,0
DA:2350,0
DA:2351,0
DA:2352,0
DA:2353,0
DA:2354,0
DA:2355,0
DA:2356,0
DA:2357,0
DA:2358,0
DA:2359,0
DA:2360,0
DA:2361,0
DA:2362,0
DA:2363,0
DA:2364,0
DA:2365,0
DA:2366,0
DA:2367,0
DA:2368,0
DA:2369,0
DA:2370,0
DA:2371,0
DA:2372,0
DA:2373,0
DA:2374,0
DA:2375,0
DA:2376,0
DA:2377,0
DA:2378,0
DA:2379,0
DA:2380,0
DA:2381,0
DA:2382,0
DA:2383,0
DA:2384,0
DA:2385,0
DA:2386,0
DA:2387,0
DA:2388,0
DA:2389,0
DA:2390,0
DA:2391,0
DA:2392,0
DA:2393,0
DA:2394,0
DA:2395,0
DA:2396,0
DA:2397,0
DA:2398,0
DA:2399,0
DA:2400,0
DA:2401,0
DA:2402,0
DA:2403,0
DA:2404,0
DA:2405,0
DA:2406,0
DA:2407,0
DA:2408,0
DA:2409,0
DA:2410,0
DA:2411,0
DA:2412,0
DA:2413,0
DA:2414,0
DA:2415,0
DA:2416,0
DA:2417,0
DA:2418,0
DA:2419,0
DA:2420,0
DA:2421,0
DA:2422,0
DA:2423,0
DA:2424,0
DA:2425,0
DA:2426,0
DA:2427,0
DA:2428,0
DA:2429,0
DA:2430,0
DA:2431,0
DA:2432,0
DA:2433,0
DA:2434,0
DA:2435,0
DA:2436,0
DA:2437,0
DA:2438,0
DA:2439,0
DA:2440,0
DA:2441,0
DA:2442,0
DA:2443,0
DA:2444,0
DA:2445,0
DA:2446,0
DA:2447,0
DA:2448,0
DA:2449,0
DA:2450,0
DA:2451,0
DA:2452,0
DA:2453,0
DA:2454,0
DA:2455,0
DA:2456,0
DA:2457,0
DA:2458,0
DA:2459,0
DA:2460,0
DA:2461,0
DA:2462,0
DA:2463,0
DA:2464,0
DA:2465,0
DA:2466,0
DA:2467,0
DA:2468,0
DA:2469,0
DA:2470,0
DA:2471,0
DA:2472,0
DA:2473,0
DA:2474,0
DA:2475,0
DA:2476,0
DA:2477,0
DA:2478,0
DA:2479,0
DA:2480,0
DA:2481,0
DA:2482,0
DA:2483,0
DA:2484,0
DA:2485,0
DA:2486,0
DA:2487,0
DA:2488,0
DA:2489,0
DA:2490,0
DA:2491,0
DA:2492,0
DA:2493,0
DA:2494,0
DA:2495,0
DA:2496,0
DA:2497,0
DA:2498,0
DA:2499,0
DA:2500,0
DA:2501,0
DA:2502,0
DA:2503,0
DA:2504,0
DA:2505,0
DA:2506,0
DA:2507,0
DA:2508,0
DA:2509,0
DA:2510,0
DA:2511,0
DA:2512,0
DA:2513,0
DA:2514,0
DA:2515,0
DA:2516,0
DA:2517,0
DA:2518,0
DA:2519,0
DA:2520,0
DA:2521,0
DA:2522,0
DA:2523,0
DA:2524,0
DA:2525,0
DA:2526,0
DA:2527,0
DA:2528,0
DA:2529,0
DA:2530,0
DA:2531,0
DA:2532,0
DA:2533,0
DA:2534,0
DA:2535,0
DA:2536,0
DA:2537,0
DA:2538,0
DA:2539,0
DA:2540,0
DA:2541,0
DA:2542,0
DA:2543,0
DA:2544,0
DA:2545,0
DA:2546,0
DA:2547,0
DA:2548,0
DA:2549,0
DA:2550,0
DA:2551,0
DA:2552,0
DA:2553,0
DA:2554,0
DA:2555,0
DA:2556,0
DA:2557,0
DA:2558,0
DA:2559,0
DA:2560,0
DA:2561,0
DA:2562,0
DA:2563,0
DA:2564,0
DA:2565,0
DA:2566,0
DA:2567,0
DA:2568,0
DA:2569,0
DA:2570,0
DA:2571,0
DA:2572,0
DA:2573,0
DA:2574,0
DA:2575,0
DA:2576,0
DA:2577,0
DA:2578,0
DA:2579,0
DA:2580,0
DA:2581,0
DA:2582,0
DA:2583,0
DA:2584,0
DA:2585,0
DA:2586,0
DA:2587,0
DA:2588,0
DA:2589,0
DA:2590,0
DA:2591,0
DA:2592,0
DA:2593,0
DA:2594,0
DA:2595,0
DA:2596,0
DA:2597,0
DA:2598,0
DA:2599,0
DA:2600,0
DA:2601,0
DA:2602,0
DA:2603,0
DA:2604,0
DA:2605,0
DA:2606,0
DA:2607,0
DA:2608,0
DA:2609,0
DA:2610,0
DA:2611,0
DA:2612,0
DA:2613,0
DA:2614,0
DA:2615,0
DA:2616,0
DA:2617,0
DA:2618,0
DA:2619,0
DA:2620,0
DA:2621,0
DA:2622,0
DA:2623,0
DA:2624,0
DA:2625,0
DA:2626,0
DA:2627,0
DA:2628,0
DA:2629,0
DA:2630,0
DA:2631,0
DA:2632,0
DA:2633,0
DA:2634,0
DA:2635,0
DA:2636,0
DA:2637,0
DA:2638,0
DA:2639,0
DA:2640,0
DA:2641,0
DA:2642,0
DA:2643,0
DA:2644,0
DA:2645,0
DA:2646,0
DA:2647,0
DA:2648,0
DA:2649,0
DA:2650,0
DA:2651,0
DA:2652,0
DA:2653,0
DA:2654,0
DA:2655,0
DA:2656,0
DA:2657,0
DA:2658,0
DA:2659,0
DA:2660,0
DA:2661,0
DA:2662,0
DA:2663,0
DA:2664,0
DA:2665,0
DA:2666,0
DA:2667,0
DA:2668,0
DA:2669,0
DA:2670,0
DA:2671,0
DA:2672,0
DA:2673,0
DA:2674,0
DA:2675,0
DA:2676,0
DA:2677,0
DA:2678,0
DA:2679,0
DA:2680,0
DA:2681,0
DA:2682,0
DA:2683,0
DA:2684,0
DA:2685,0
DA:2686,0
DA:2687,0
DA:2688,0
DA:2689,0
DA:2690,0
DA:2691,0
DA:2692,0
DA:2693,0
DA:2694,0
DA:2695,0
DA:2696,0
DA:2697,0
DA:2698,0
DA:2699,0
DA:2700,0
DA:2701,0
DA:2702,0
DA:2703,0
DA:2704,0
DA:2705,0
DA:2706,0
DA:2707,0
DA:2708,0
DA:2709,0
DA:2710,0
DA:2711,0
DA:2712,0
DA:2713,0
DA:2714,0
DA:2715,0
DA:2716,0
DA:2717,0
DA:2718,0
DA:2719,0
DA:2720,0
DA:2721,0
DA:2722,0
DA:2723,0
DA:2724,0
DA:2725,0
DA:2726,0
DA:2727,0
DA:2728,0
DA:2729,0
DA:2730,0
DA:2731,0
DA:2732,0
DA:2733,0
DA:2734,0
DA:2735,0
DA:2736,0
DA:2737,0
DA:2738,0
DA:2739,0
DA:2740,0
DA:2741,0
DA:2742,0
DA:2743,0
DA:2744,0
DA:2745,0
DA:2746,0
DA:2747,0
DA:2748,0
DA:2749,0
DA:2750,0
DA:2751,0
DA:2752,0
DA:2753,0
DA:2754,0
DA:2755,0
DA:2756,0
DA:2757,0
DA:2758,0
DA:2759,0
DA:2760,0
DA:2761,0
DA:2762,0
DA:2763,0
DA:2764,0
DA:2765,0
DA:2766,0
DA:2767,0
DA:2768,0
DA:2769,0
DA:2770,0
DA:2771,0
DA:2772,0
DA:2773,0
DA:2774,0
DA:2775,0
DA:2776,0
DA:2777,0
DA:2778,0
DA:2779,0
DA:2780,0
DA:2781,0
DA:2782,0
DA:2783,0
DA:2784,0
DA:2785,0
DA:2786,0
DA:2787,0
DA:2788,0
DA:2789,0
DA:2790,0
DA:2791,0
DA:2792,0
DA:2793,0
DA:2794,0
DA:2795,0
DA:2796,0
DA:2797,0
DA:2798,0
DA:2799,0
DA:2800,0
DA:2801,0
DA:2802,0
DA:2803,0
DA:2804,0
DA:2805,0
DA:2806,0
DA:2807,0
DA:2808,0
DA:2809,0
DA:2810,0
DA:2811,0
DA:2812,0
DA:2813,0
DA:2814,0
DA:2815,0
DA:2816,0
DA:2817,0
DA:2818,0
DA:2819,0
DA:2820,0
DA:2821,0
DA:2822,0
DA:2823,0
DA:2824,0
DA:2825,0
DA:2826,0
DA:2827,0
DA:2828,0
DA:2829,0
DA:2830,0
DA:2831,0
DA:2832,0
DA:2833,0
DA:2834,0
DA:2835,0
DA:2836,0
DA:2837,0
DA:2838,0
DA:2839,0
DA:2840,0
DA:2841,0
DA:2842,0
DA:2843,0
DA:2844,0
DA:2845,0
DA:2846,0
DA:2847,0
DA:2848,0
DA:2849,0
DA:2850,0
DA:2851,0
DA:2852,0
DA:2853,0
DA:2854,0
DA:2855,0
DA:2856,0
DA:2857,0
DA:2858,0
DA:2859,0
DA:2860,0
DA:2861,0
DA:2862,0
DA:2863,0
DA:2864,0
DA:2865,0
DA:2866,0
DA:2867,0
DA:2868,0
DA:2869,0
DA:2870,0
DA:2871,0
DA:2872,0
DA:2873,0
DA:2874,0
DA:2875,0
DA:2876,0
DA:2877,0
DA:2878,0
DA:2879,0
DA:2880,0
DA:2881,0
DA:2882,0
DA:2883,0
DA:2884,0
DA:2885,0
DA:2886,0
DA:2887,0
DA:2888,0
DA:2889,1
DA:2890,1
DA:2891,1
DA:2892,1
DA:2893,0
DA:2894,0
DA:2895,0
DA:2896,0
DA:2897,0
DA:2898,0
DA:2899,0
DA:2900,0
DA:2901,0
DA:2902,0
DA:2903,0
DA:2904,0
DA:2905,0
DA:2906,0
DA:2907,0
DA:2908,0
DA:2909,0
DA:2910,0
DA:2911,0
DA:2912,0
DA:2913,0
DA:2914,0
DA:2915,0
DA:2916,0
DA:2917,0
DA:2918,0
DA:2919,0
DA:2920,0
DA:2921,0
DA:2922,0
DA:2923,0
DA:2924,0
DA:2925,0
DA:2926,0
DA:2927,0
DA:2928,0
DA:2929,0
DA:2930,0
DA:2931,0
DA:2932,0
DA:2933,0
DA:2934,0
DA:2935,0
DA:2936,0
DA:2937,0
DA:2938,0
DA:2939,0
DA:2940,0
DA:2941,0
DA:2942,0
DA:2943,0
DA:2944,0
DA:2945,0
DA:2946,0
DA:2947,0
DA:2948,0
DA:2949,0
DA:2950,0
DA:2951,0
DA:2952,0
DA:2953,0
DA:2954,0
DA:2955,0
DA:2956,0
DA:2957,0
DA:2958,0
DA:2959,0
DA:2960,0
DA:2961,0
DA:2962,0
DA:2963,0
DA:2964,0
DA:2965,0
DA:2966,0
DA:2967,0
DA:2968,0
DA:2969,0
DA:2970,0
DA:2971,0
DA:2972,0
DA:2973,0
DA:2974,0
DA:2975,0
DA:2976,0
DA:2977,0
DA:2978,0
DA:2979,0
DA:2980,0
DA:2981,0
DA:2982,0
DA:2983,0
DA:2984,0
DA:2985,0
DA:2986,0
DA:2987,0
DA:2988,0
DA:2989,0
DA:2990,0
DA:2991,0
DA:2992,0
DA:2993,0
DA:2994,0
DA:2995,0
DA:2996,0
DA:2997,0
DA:2998,0
DA:2999,0
DA:3000,0
DA:3001,0
DA:3002,0
DA:3003,0
DA:3004,0
DA:3005,0
DA:3006,0
DA:3007,0
DA:3008,0
DA:3009,0
DA:3010,0
DA:3011,0
DA:3012,0
DA:3013,0
DA:3014,0
DA:3015,0
DA:3016,0
DA:3017,0
DA:3018,0
DA:3019,0
DA:3020,0
DA:3021,0
DA:3022,0
DA:3023,0
DA:3024,0
DA:3025,0
DA:3026,0
DA:3027,0
DA:3028,0
DA:3029,0
DA:3030,0
DA:3031,0
DA:3032,0
DA:3033,0
DA:3034,0
DA:3035,0
DA:3036,1
DA:3037,1
DA:3038,1
DA:3039,1
DA:3040,0
DA:3041,0
DA:3042,0
DA:3043,0
DA:3044,0
DA:3045,0
DA:3046,0
DA:3047,0
DA:3048,0
DA:3049,0
DA:3050,0
DA:3051,0
DA:3052,0
DA:3053,0
DA:3054,0
DA:3055,0
DA:3056,0
DA:3057,0
DA:3058,0
DA:3059,0
DA:3060,0
DA:3061,0
DA:3062,0
DA:3063,0
DA:3064,0
DA:3065,0
DA:3066,0
DA:3067,0
DA:3068,0
DA:3069,0
DA:3070,0
DA:3071,0
DA:3072,0
DA:3073,0
DA:3074,0
DA:3075,0
DA:3076,0
DA:3077,0
DA:3078,0
DA:3079,0
DA:3080,0
DA:3081,0
DA:3082,0
DA:3083,0
DA:3084,0
DA:3085,0
DA:3086,0
DA:3087,0
DA:3088,0
DA:3089,0
DA:3090,0
DA:3091,0
DA:3092,0
DA:3093,0
DA:3094,0
DA:3095,0
DA:3096,0
DA:3097,0
DA:3098,0
DA:3099,0
DA:3100,0
DA:3101,0
DA:3102,0
DA:3103,0
DA:3104,0
DA:3105,0
DA:3106,0
DA:3107,0
DA:3108,0
DA:3109,0
DA:3110,0
DA:3111,0
DA:3112,0
DA:3113,0
DA:3114,0
DA:3115,0
DA:3116,0
DA:3117,0
DA:3118,0
DA:3119,0
DA:3120,0
DA:3121,0
DA:3122,0
DA:3123,0
DA:3124,0
DA:3125,0
DA:3126,0
DA:3127,0
DA:3128,0
DA:3129,0
DA:3130,0
DA:3131,0
DA:3132,0
DA:3133,0
DA:3134,0
DA:3135,0
DA:3136,0
DA:3137,0
DA:3138,0
DA:3139,0
DA:3140,0
DA:3141,0
DA:3142,0
DA:3143,0
DA:3144,0
DA:3145,0
DA:3146,0
DA:3147,0
DA:3148,0
DA:3149,0
DA:3150,0
DA:3151,0
DA:3152,0
DA:3153,0
DA:3154,0
DA:3155,0
DA:3156,0
DA:3157,1
DA:3158,1
DA:3159,1
DA:3160,1
DA:3161,0
DA:3162,0
DA:3163,0
DA:3164,0
DA:3165,0
DA:3166,0
DA:3167,0
DA:3168,0
DA:3169,0
DA:3170,0
DA:3171,0
DA:3172,0
DA:3173,0
DA:3174,0
DA:3175,0
DA:3176,0
DA:3177,0
DA:3178,0
DA:3179,0
DA:3180,0
DA:3181,0
DA:3182,0
DA:3183,0
DA:3184,0
DA:3185,0
DA:3186,0
DA:3187,0
DA:3188,0
DA:3189,0
DA:3190,0
DA:3191,0
DA:3192,0
DA:3193,0
DA:3194,0
DA:3195,0
DA:3196,0
DA:3197,0
DA:3198,0
DA:3199,0
DA:3200,0
DA:3201,0
DA:3202,0
DA:3203,0
DA:3204,0
DA:3205,0
DA:3206,0
DA:3207,0
DA:3208,0
DA:3209,0
DA:3210,0
DA:3211,0
DA:3212,0
DA:3213,0
DA:3214,0
DA:3215,0
DA:3216,0
DA:3217,0
DA:3218,0
DA:3219,0
DA:3220,0
DA:3221,0
DA:3222,0
DA:3223,0
DA:3224,0
DA:3225,0
DA:3226,0
DA:3227,0
DA:3228,1
DA:3229,1
DA:3230,1
DA:3231,1
DA:3232,0
DA:3233,0
DA:3234,0
DA:3235,0
DA:3236,0
DA:3237,0
DA:3238,0
DA:3239,0
DA:3240,0
DA:3241,0
DA:3242,0
DA:3243,0
DA:3244,0
DA:3245,0
DA:3246,0
DA:3247,0
DA:3248,0
DA:3249,0
DA:3250,0
DA:3251,0
DA:3252,0
DA:3253,0
DA:3254,0
DA:3255,0
DA:3256,0
DA:3257,0
DA:3258,0
DA:3259,0
DA:3260,0
DA:3261,0
DA:3262,0
DA:3263,0
DA:3264,0
DA:3265,0
DA:3266,0
DA:3267,0
DA:3268,0
DA:3269,0
DA:3270,0
DA:3271,0
DA:3272,0
DA:3273,0
DA:3274,0
DA:3275,0
DA:3276,0
DA:3277,0
DA:3278,0
DA:3279,0
DA:3280,0
DA:3281,0
DA:3282,0
DA:3283,0
DA:3284,0
DA:3285,0
DA:3286,0
DA:3287,0
DA:3288,0
DA:3289,0
DA:3290,0
DA:3291,0
DA:3292,0
DA:3293,0
DA:3294,0
DA:3295,0
DA:3296,0
DA:3297,0
DA:3298,0
DA:3299,0
DA:3300,0
DA:3301,0
DA:3302,0
DA:3303,0
DA:3304,0
DA:3305,0
DA:3306,0
DA:3307,0
DA:3308,0
DA:3309,0
DA:3310,0
DA:3311,0
DA:3312,0
DA:3313,0
DA:3314,0
DA:3315,0
DA:3316,0
DA:3317,0
DA:3318,0
DA:3319,0
DA:3320,0
DA:3321,0
DA:3322,0
DA:3323,0
DA:3324,0
DA:3325,0
DA:3326,0
DA:3327,0
DA:3328,0
DA:3329,0
DA:3330,0
DA:3331,0
DA:3332,0
DA:3333,0
DA:3334,0
DA:3335,0
DA:3336,0
DA:3337,0
DA:3338,0
DA:3339,0
DA:3340,0
DA:3341,0
DA:3342,0
DA:3343,0
DA:3344,0
DA:3345,0
DA:3346,0
DA:3347,0
DA:3348,0
DA:3349,0
DA:3350,0
DA:3351,0
DA:3352,0
DA:3353,0
DA:3354,0
DA:3355,0
DA:3356,0
DA:3357,0
DA:3358,0
DA:3359,0
DA:3360,0
DA:3361,0
DA:3362,0
DA:3363,0
DA:3364,0
DA:3365,0
DA:3366,0
DA:3367,0
DA:3368,0
DA:3369,0
DA:3370,0
DA:3371,0
DA:3372,0
DA:3373,0
DA:3374,0
DA:3375,0
DA:3376,0
DA:3377,0
DA:3378,0
DA:3379,0
DA:3380,0
DA:3381,0
DA:3382,0
DA:3383,0
DA:3384,0
DA:3385,0
DA:3386,0
DA:3387,0
DA:3388,0
DA:3389,0
DA:3390,0
DA:3391,0
DA:3392,0
DA:3393,0
DA:3394,0
DA:3395,0
DA:3396,0
DA:3397,0
DA:3398,0
DA:3399,0
DA:3400,0
DA:3401,0
DA:3402,0
DA:3403,0
DA:3404,0
DA:3405,0
DA:3406,0
DA:3407,0
DA:3408,0
DA:3409,0
DA:3410,0
DA:3411,0
DA:3412,0
DA:3413,0
DA:3414,0
DA:3415,0
DA:3416,0
DA:3417,0
DA:3418,0
DA:3419,0
DA:3420,0
DA:3421,0
DA:3422,0
DA:3423,0
DA:3424,0
DA:3425,0
DA:3426,0
DA:3427,0
DA:3428,0
DA:3429,0
DA:3430,0
DA:3431,0
DA:3432,1
DA:3433,1
DA:3434,1
DA:3435,1
DA:3436,0
DA:3437,0
DA:3438,0
DA:3439,0
DA:3440,0
DA:3441,0
DA:3442,0
DA:3443,0
DA:3444,0
DA:3445,0
DA:3446,0
DA:3447,0
DA:3448,0
DA:3449,0
DA:3450,0
DA:3451,0
DA:3452,0
DA:3453,0
DA:3454,0
DA:3455,0
DA:3456,0
DA:3457,0
DA:3458,0
DA:3459,0
DA:3460,0
DA:3461,0
DA:3462,0
DA:3463,0
DA:3464,0
DA:3465,0
DA:3466,0
DA:3467,0
DA:3468,0
DA:3469,1
DA:3470,1
DA:3471,1
DA:3472,1
DA:3473,0
DA:3474,0
DA:3475,0
DA:3476,0
DA:3477,0
DA:3478,0
DA:3479,0
DA:3480,0
DA:3481,0
DA:3482,0
DA:3483,0
DA:3484,0
DA:3485,0
DA:3486,0
DA:3487,0
DA:3488,0
DA:3489,0
DA:3490,0
DA:3491,0
DA:3492,0
DA:3493,0
DA:3494,0
DA:3495,0
DA:3496,0
DA:3497,0
DA:3498,0
DA:3499,0
DA:3500,0
DA:3501,0
DA:3502,0
DA:3503,0
DA:3504,0
DA:3505,0
DA:3506,0
DA:3507,0
DA:3508,0
DA:3509,0
DA:3510,0
DA:3511,0
DA:3512,0
DA:3513,0
DA:3514,0
DA:3515,0
DA:3516,0
DA:3517,0
DA:3518,1
DA:3519,1
DA:3520,1
DA:3521,1
DA:3522,0
DA:3523,0
DA:3524,0
DA:3525,0
DA:3526,0
DA:3527,0
DA:3528,0
DA:3529,0
DA:3530,0
DA:3531,0
DA:3532,0
DA:3533,0
DA:3534,0
DA:3535,0
DA:3536,0
DA:3537,0
DA:3538,0
DA:3539,0
DA:3540,0
DA:3541,0
DA:3542,0
DA:3543,0
DA:3544,0
DA:3545,0
DA:3546,0
DA:3547,0
DA:3548,0
DA:3549,0
DA:3550,0
DA:3551,0
DA:3552,0
DA:3553,0
DA:3554,0
DA:3555,0
DA:3556,0
DA:3557,0
DA:3558,0
DA:3559,0
DA:3560,0
DA:3561,0
DA:3562,0
DA:3563,0
DA:3564,0
DA:3565,0
DA:3566,0
DA:3567,0
DA:3568,0
DA:3569,0
DA:3570,0
DA:3571,0
DA:3572,0
DA:3573,0
DA:3574,0
DA:3575,0
DA:3576,0
DA:3577,0
DA:3578,0
DA:3579,0
DA:3580,0
DA:3581,0
DA:3582,0
DA:3583,0
DA:3584,0
DA:3585,0
DA:3586,0
DA:3587,0
DA:3588,0
DA:3589,0
DA:3590,0
DA:3591,0
DA:3592,0
DA:3593,0
DA:3594,0
DA:3595,0
DA:3596,0
DA:3597,0
DA:3598,0
DA:3599,0
DA:3600,0
DA:3601,0
DA:3602,0
DA:3603,0
DA:3604,0
DA:3605,0
DA:3606,0
DA:3607,0
DA:3608,0
DA:3609,0
DA:3610,0
DA:3611,0
DA:3612,0
DA:3613,0
DA:3614,1
DA:3615,1
DA:3616,1
DA:3617,1
DA:3618,0
DA:3619,0
DA:3620,0
DA:3621,0
DA:3622,0
DA:3623,0
DA:3624,0
DA:3625,0
DA:3626,0
DA:3627,0
DA:3628,0
DA:3629,0
DA:3630,0
DA:3631,0
DA:3632,0
DA:3633,0
DA:3634,1
DA:3635,1
DA:3636,1
DA:3637,1
DA:3638,0
DA:3639,0
DA:3640,0
DA:3641,0
DA:3642,0
DA:3643,0
DA:3644,0
DA:3645,0
DA:3646,0
DA:3647,0
DA:3648,0
DA:3649,0
DA:3650,0
DA:3651,0
DA:3652,0
DA:3653,0
DA:3654,0
DA:3655,0
DA:3656,0
DA:3657,0
DA:3658,0
DA:3659,0
DA:3660,0
DA:3661,0
DA:3662,0
DA:3663,0
DA:3664,0
DA:3665,0
DA:3666,0
DA:3667,0
DA:3668,0
DA:3669,0
DA:3670,0
DA:3671,0
DA:3672,0
DA:3673,0
DA:3674,0
DA:3675,0
DA:3676,0
DA:3677,0
DA:3678,0
DA:3679,0
DA:3680,0
DA:3681,0
DA:3682,0
DA:3683,0
DA:3684,0
DA:3685,0
DA:3686,0
DA:3687,0
DA:3688,0
DA:3689,0
DA:3690,0
DA:3691,0
DA:3692,0
DA:3693,0
DA:3694,0
DA:3695,0
DA:3696,0
DA:3697,0
DA:3698,0
DA:3699,0
DA:3700,0
DA:3701,0
DA:3702,0
DA:3703,0
DA:3704,0
DA:3705,0
DA:3706,0
DA:3707,0
DA:3708,0
DA:3709,0
DA:3710,0
DA:3711,0
DA:3712,0
DA:3713,0
DA:3714,0
DA:3715,0
DA:3716,0
DA:3717,0
DA:3718,0
DA:3719,0
DA:3720,0
DA:3721,0
DA:3722,0
DA:3723,0
DA:3724,0
DA:3725,0
DA:3726,0
DA:3727,0
DA:3728,0
DA:3729,0
DA:3730,0
DA:3731,0
DA:3732,0
DA:3733,0
DA:3734,0
DA:3735,0
DA:3736,0
DA:3737,0
DA:3738,0
DA:3739,0
DA:3740,0
DA:3741,0
DA:3742,0
DA:3743,0
DA:3744,0
DA:3745,0
DA:3746,0
DA:3747,0
DA:3748,0
DA:3749,0
DA:3750,0
DA:3751,0
DA:3752,0
DA:3753,0
DA:3754,0
DA:3755,0
DA:3756,0
DA:3757,0
DA:3758,0
DA:3759,0
DA:3760,0
DA:3761,0
DA:3762,0
DA:3763,0
DA:3764,0
DA:3765,0
DA:3766,0
DA:3767,0
DA:3768,0
DA:3769,0
DA:3770,0
DA:3771,0
DA:3772,0
DA:3773,0
DA:3774,0
DA:3775,0
DA:3776,0
DA:3777,0
DA:3778,1
DA:3779,1
DA:3780,1
DA:3781,1
DA:3782,0
DA:3783,0
DA:3784,0
DA:3785,0
DA:3786,0
DA:3787,0
DA:3788,0
DA:3789,0
DA:3790,0
DA:3791,0
DA:3792,0
DA:3793,0
DA:3794,0
DA:3795,0
DA:3796,0
DA:3797,0
DA:3798,0
DA:3799,0
DA:3800,0
DA:3801,0
DA:3802,0
DA:3803,0
DA:3804,0
DA:3805,0
DA:3806,0
DA:3807,0
DA:3808,0
DA:3809,0
DA:3810,0
DA:3811,0
DA:3812,0
DA:3813,0
DA:3814,0
DA:3815,0
DA:3816,0
DA:3817,0
DA:3818,0
DA:3819,0
DA:3820,0
DA:3821,0
DA:3822,0
DA:3823,0
DA:3824,0
DA:3825,0
DA:3826,0
DA:3827,0
DA:3828,0
DA:3829,0
DA:3830,0
DA:3831,0
DA:3832,0
DA:3833,0
DA:3834,0
DA:3835,0
DA:3836,0
DA:3837,0
DA:3838,0
DA:3839,0
DA:3840,0
DA:3841,0
DA:3842,0
DA:3843,0
DA:3844,0
DA:3845,0
DA:3846,0
DA:3847,0
DA:3848,0
DA:3849,0
DA:3850,0
DA:3851,0
DA:3852,0
DA:3853,0
DA:3854,0
DA:3855,0
DA:3856,0
DA:3857,0
DA:3858,0
DA:3859,0
DA:3860,0
DA:3861,0
DA:3862,0
DA:3863,0
DA:3864,0
DA:3865,0
DA:3866,0
DA:3867,0
DA:3868,0
DA:3869,0
DA:3870,0
DA:3871,0
DA:3872,0
DA:3873,0
DA:3874,0
DA:3875,0
DA:3876,0
DA:3877,0
DA:3878,0
DA:3879,0
DA:3880,0
DA:3881,0
DA:3882,0
DA:3883,0
DA:3884,0
DA:3885,0
DA:3886,0
DA:3887,0
DA:3888,0
DA:3889,0
DA:3890,0
DA:3891,0
DA:3892,0
DA:3893,0
DA:3894,0
DA:3895,0
DA:3896,0
DA:3897,0
DA:3898,0
DA:3899,0
DA:3900,0
DA:3901,0
DA:3902,0
DA:3903,0
DA:3904,0
DA:3905,0
DA:3906,0
DA:3907,0
DA:3908,0
DA:3909,0
DA:3910,0
DA:3911,0
DA:3912,0
DA:3913,0
DA:3914,0
DA:3915,0
DA:3916,0
DA:3917,0
DA:3918,0
DA:3919,0
DA:3920,0
DA:3921,0
DA:3922,0
DA:3923,0
DA:3924,0
DA:3925,0
DA:3926,0
DA:3927,0
DA:3928,0
DA:3929,0
DA:3930,0
DA:3931,0
DA:3932,0
DA:3933,0
DA:3934,0
DA:3935,0
DA:3936,0
DA:3937,0
DA:3938,0
DA:3939,0
DA:3940,0
DA:3941,0
DA:3942,0
DA:3943,0
DA:3944,0
DA:3945,0
DA:3946,0
DA:3947,0
DA:3948,0
DA:3949,0
DA:3950,0
DA:3951,0
DA:3952,0
DA:3953,0
DA:3954,0
DA:3955,0
DA:3956,0
DA:3957,0
DA:3958,0
DA:3959,0
DA:3960,0
DA:3961,0
DA:3962,0
DA:3963,0
DA:3964,0
DA:3965,0
DA:3966,0
DA:3967,0
DA:3968,0
DA:3969,0
DA:3970,0
DA:3971,1
DA:3972,1
DA:3973,1
DA:3974,1
DA:3975,0
DA:3976,0
DA:3977,0
DA:3978,0
DA:3979,0
DA:3980,0
DA:3981,0
DA:3982,0
DA:3983,0
DA:3984,0
DA:3985,0
DA:3986,0
DA:3987,0
DA:3988,0
DA:3989,0
DA:3990,0
DA:3991,0
DA:3992,0
DA:3993,0
DA:3994,0
DA:3995,0
DA:3996,0
DA:3997,0
DA:3998,0
DA:3999,0
DA:4000,0
DA:4001,0
DA:4002,0
DA:4003,0
DA:4004,0
DA:4005,0
DA:4006,0
DA:4007,0
DA:4008,0
DA:4009,0
DA:4010,0
DA:4011,0
DA:4012,0
DA:4013,0
DA:4014,0
DA:4015,0
DA:4016,0
DA:4017,0
DA:4018,0
DA:4019,0
DA:4020,0
DA:4021,0
DA:4022,0
DA:4023,0
DA:4024,0
DA:4025,0
DA:4026,0
DA:4027,0
DA:4028,0
DA:4029,0
DA:4030,0
DA:4031,1
DA:4032,1
DA:4033,1
DA:4034,1
DA:4035,0
DA:4036,0
DA:4037,0
DA:4038,0
DA:4039,0
DA:4040,0
DA:4041,0
DA:4042,0
DA:4043,0
DA:4044,0
DA:4045,0
DA:4046,0
DA:4047,0
DA:4048,0
DA:4049,0
DA:4050,0
DA:4051,0
DA:4052,0
DA:4053,0
DA:4054,0
DA:4055,0
DA:4056,0
DA:4057,0
DA:4058,0
DA:4059,0
DA:4060,0
DA:4061,0
DA:4062,0
DA:4063,0
DA:4064,0
DA:4065,0
DA:4066,0
DA:4067,0
DA:4068,0
DA:4069,0
DA:4070,0
DA:4071,0
DA:4072,0
DA:4073,0
DA:4074,0
DA:4075,0
DA:4076,0
DA:4077,0
DA:4078,0
DA:4079,0
DA:4080,0
DA:4081,0
DA:4082,0
DA:4083,0
DA:4084,0
DA:4085,0
DA:4086,0
DA:4087,0
DA:4088,0
DA:4089,0
DA:4090,0
DA:4091,0
DA:4092,0
DA:4093,0
DA:4094,1
DA:4095,1
DA:4096,1
DA:4097,1
DA:4098,0
DA:4099,0
DA:4100,0
DA:4101,0
DA:4102,0
DA:4103,0
DA:4104,0
DA:4105,0
DA:4106,0
DA:4107,0
DA:4108,0
DA:4109,0
DA:4110,0
DA:4111,0
DA:4112,0
DA:4113,1
DA:4114,1
DA:4115,1
DA:4116,1
DA:4117,0
DA:4118,0
DA:4119,0
DA:4120,0
DA:4121,0
DA:4122,0
DA:4123,0
DA:4124,0
DA:4125,0
DA:4126,0
DA:4127,0
DA:4128,0
DA:4129,0
DA:4130,0
DA:4131,0
DA:4132,0
DA:4133,0
DA:4134,0
DA:4135,0
DA:4136,0
DA:4137,0
DA:4138,0
DA:4139,0
DA:4140,0
DA:4141,0
DA:4142,0
DA:4143,0
DA:4144,0
DA:4145,0
DA:4146,0
DA:4147,0
DA:4148,0
DA:4149,0
DA:4150,0
DA:4151,0
DA:4152,0
DA:4153,0
DA:4154,0
DA:4155,0
DA:4156,0
DA:4157,1
DA:4158,1
DA:4159,1
DA:4160,1
DA:4161,0
DA:4162,0
DA:4163,0
DA:4164,0
DA:4165,0
DA:4166,0
DA:4167,0
DA:4168,0
DA:4169,0
DA:4170,0
DA:4171,0
DA:4172,0
DA:4173,0
DA:4174,0
DA:4175,0
DA:4176,1
DA:4177,1
DA:4178,1
DA:4179,1
DA:4180,1
DA:4181,1
DA:4182,0
DA:4183,0
DA:4184,0
DA:4185,0
DA:4186,0
DA:4187,0
DA:4188,0
DA:4189,0
DA:4190,0
DA:4191,0
DA:4192,0
DA:4193,0
DA:4194,0
DA:4195,0
DA:4196,0
DA:4197,0
DA:4198,0
DA:4199,0
DA:4200,0
DA:4201,0
DA:4202,0
DA:4203,0
DA:4204,0
DA:4205,0
DA:4206,0
DA:4207,0
DA:4208,0
DA:4209,0
DA:4210,0
DA:4211,0
DA:4212,0
DA:4213,0
DA:4214,0
DA:4215,0
DA:4216,0
DA:4217,0
DA:4218,0
DA:4219,0
DA:4220,0
DA:4221,0
DA:4222,0
DA:4223,0
DA:4224,0
DA:4225,0
DA:4226,0
DA:4227,0
DA:4228,0
DA:4229,0
DA:4230,0
DA:4231,0
DA:4232,0
DA:4233,0
DA:4234,0
DA:4235,0
DA:4236,0
DA:4237,0
DA:4238,0
DA:4239,0
DA:4240,0
DA:4241,0
DA:4242,0
DA:4243,0
DA:4244,0
DA:4245,0
DA:4246,0
DA:4247,0
DA:4248,0
DA:4249,0
DA:4250,0
DA:4251,0
DA:4252,0
DA:4253,0
DA:4254,0
DA:4255,0
DA:4256,0
DA:4257,0
DA:4258,0
DA:4259,0
DA:4260,0
DA:4261,0
DA:4262,0
DA:4263,0
DA:4264,0
DA:4265,0
DA:4266,0
DA:4267,0
DA:4268,0
DA:4269,0
DA:4270,0
DA:4271,0
DA:4272,1
DA:4273,1
DA:4274,1
DA:4275,0
DA:4276,0
DA:4277,0
DA:4278,0
DA:4279,0
DA:4280,0
DA:4281,0
DA:4282,0
DA:4283,1
DA:4284,1
DA:4285,1
DA:4286,1
DA:4287,0
DA:4288,0
DA:4289,0
DA:4290,0
DA:4291,0
DA:4292,0
DA:4293,0
DA:4294,0
DA:4295,0
DA:4296,0
DA:4297,0
DA:4298,0
DA:4299,0
DA:4300,0
DA:4301,0
DA:4302,0
DA:4303,0
DA:4304,0
DA:4305,0
DA:4306,0
DA:4307,0
DA:4308,0
DA:4309,1
DA:4310,1
DA:4311,1
DA:4312,1
DA:4313,0
DA:4314,0
DA:4315,0
DA:4316,0
DA:4317,0
DA:4318,0
DA:4319,0
DA:4320,0
DA:4321,0
DA:4322,0
DA:4323,0
DA:4324,0
DA:4325,0
DA:4326,0
DA:4327,0
DA:4328,0
DA:4329,0
DA:4330,0
DA:4331,0
DA:4332,0
DA:4333,0
DA:4334,0
DA:4335,0
DA:4336,0
DA:4337,0
DA:4338,0
DA:4339,0
DA:4340,0
DA:4341,0
DA:4342,0
DA:4343,0
DA:4344,0
DA:4345,0
DA:4346,0
DA:4347,0
DA:4348,0
DA:4349,0
DA:4350,0
DA:4351,0
DA:4352,0
DA:4353,0
DA:4354,0
DA:4355,0
DA:4356,0
DA:4357,0
DA:4358,0
DA:4359,0
DA:4360,0
DA:4361,0
DA:4362,0
DA:4363,0
DA:4364,0
DA:4365,0
DA:4366,0
DA:4367,0
DA:4368,0
DA:4369,0
DA:4370,0
DA:4371,0
DA:4372,0
DA:4373,0
DA:4374,0
DA:4375,0
DA:4376,0
DA:4377,0
DA:4378,0
DA:4379,0
DA:4380,0
DA:4381,0
DA:4382,0
DA:4383,0
DA:4384,0
DA:4385,0
DA:4386,0
DA:4387,0
DA:4388,0
DA:4389,0
DA:4390,0
DA:4391,0
DA:4392,0
DA:4393,0
DA:4394,0
DA:4395,0
DA:4396,0
DA:4397,0
DA:4398,0
DA:4399,0
DA:4400,0
DA:4401,0
DA:4402,0
DA:4403,0
DA:4404,0
DA:4405,0
DA:4406,0
DA:4407,0
DA:4408,0
DA:4409,0
DA:4410,0
DA:4411,0
DA:4412,0
DA:4413,0
DA:4414,0
DA:4415,0
DA:4416,0
DA:4417,0
DA:4418,0
DA:4419,0
DA:4420,0
DA:4421,0
DA:4422,0
DA:4423,0
DA:4424,0
DA:4425,0
DA:4426,0
DA:4427,0
DA:4428,0
DA:4429,0
DA:4430,0
DA:4431,0
DA:4432,0
DA:4433,0
DA:4434,0
DA:4435,0
DA:4436,0
DA:4437,0
DA:4438,0
DA:4439,0
DA:4440,0
DA:4441,0
DA:4442,0
DA:4443,0
DA:4444,0
DA:4445,0
DA:4446,0
DA:4447,0
DA:4448,0
DA:4449,0
DA:4450,0
DA:4451,0
DA:4452,0
DA:4453,0
DA:4454,0
DA:4455,0
DA:4456,0
DA:4457,0
DA:4458,0
DA:4459,0
DA:4460,0
DA:4461,0
DA:4462,0
DA:4463,0
DA:4464,0
DA:4465,0
DA:4466,0
DA:4467,0
DA:4468,0
DA:4469,0
DA:4470,0
DA:4471,0
DA:4472,0
DA:4473,0
DA:4474,0
DA:4475,0
DA:4476,0
DA:4477,0
DA:4478,0
DA:4479,0
DA:4480,0
DA:4481,0
DA:4482,0
DA:4483,0
DA:4484,0
DA:4485,0
DA:4486,0
DA:4487,0
DA:4488,0
DA:4489,0
DA:4490,0
DA:4491,0
DA:4492,0
DA:4493,0
DA:4494,0
DA:4495,0
DA:4496,0
DA:4497,0
DA:4498,0
DA:4499,0
DA:4500,0
DA:4501,0
DA:4502,0
DA:4503,0
DA:4504,0
DA:4505,0
DA:4506,0
DA:4507,0
DA:4508,0
DA:4509,0
DA:4510,0
DA:4511,0
DA:4512,0
DA:4513,0
DA:4514,0
DA:4515,0
DA:4516,0
DA:4517,0
DA:4518,0
DA:4519,0
DA:4520,0
DA:4521,0
DA:4522,0
DA:4523,0
DA:4524,0
DA:4525,0
DA:4526,0
DA:4527,0
DA:4528,0
DA:4529,0
DA:4530,0
DA:4531,0
DA:4532,0
DA:4533,0
DA:4534,0
DA:4535,0
DA:4536,0
DA:4537,0
DA:4538,0
DA:4539,0
DA:4540,0
DA:4541,0
DA:4542,0
DA:4543,0
DA:4544,0
DA:4545,0
DA:4546,0
DA:4547,0
DA:4548,0
DA:4549,0
DA:4550,0
DA:4551,0
DA:4552,0
DA:4553,0
DA:4554,1
DA:4555,1
DA:4556,1
DA:4557,1
DA:4558,0
DA:4559,0
DA:4560,0
DA:4561,0
DA:4562,0
DA:4563,0
DA:4564,0
DA:4565,0
DA:4566,0
DA:4567,0
DA:4568,0
DA:4569,0
DA:4570,0
DA:4571,0
DA:4572,0
DA:4573,0
DA:4574,0
DA:4575,0
DA:4576,0
DA:4577,0
DA:4578,0
DA:4579,0
DA:4580,0
DA:4581,0
DA:4582,0
DA:4583,0
DA:4584,0
DA:4585,0
DA:4586,0
DA:4587,0
DA:4588,0
DA:4589,0
DA:4590,0
DA:4591,0
DA:4592,0
DA:4593,0
DA:4594,0
DA:4595,0
DA:4596,0
DA:4597,0
DA:4598,0
DA:4599,0
DA:4600,0
DA:4601,0
DA:4602,0
DA:4603,0
DA:4604,0
DA:4605,0
DA:4606,0
DA:4607,0
DA:4608,0
DA:4609,0
DA:4610,0
DA:4611,0
DA:4612,0
DA:4613,0
DA:4614,0
DA:4615,0
DA:4616,0
DA:4617,0
DA:4618,0
DA:4619,0
DA:4620,0
DA:4621,0
DA:4622,0
DA:4623,0
DA:4624,0
DA:4625,0
DA:4626,0
DA:4627,0
DA:4628,0
DA:4629,0
DA:4630,0
DA:4631,0
DA:4632,0
DA:4633,0
DA:4634,0
DA:4635,0
DA:4636,0
DA:4637,0
DA:4638,0
DA:4639,0
DA:4640,0
DA:4641,0
DA:4642,0
DA:4643,0
DA:4644,0
DA:4645,0
DA:4646,0
DA:4647,0
DA:4648,0
DA:4649,0
DA:4650,0
DA:4651,0
DA:4652,0
DA:4653,0
DA:4654,0
DA:4655,0
DA:4656,0
DA:4657,0
DA:4658,0
DA:4659,0
DA:4660,0
DA:4661,0
DA:4662,0
DA:4663,0
DA:4664,0
DA:4665,0
DA:4666,0
DA:4667,0
DA:4668,0
DA:4669,0
DA:4670,0
DA:4671,0
DA:4672,0
DA:4673,0
DA:4674,0
DA:4675,0
DA:4676,0
DA:4677,0
DA:4678,0
DA:4679,0
DA:4680,0
DA:4681,0
DA:4682,0
DA:4683,0
DA:4684,0
DA:4685,0
DA:4686,0
DA:4687,0
DA:4688,0
DA:4689,0
DA:4690,0
DA:4691,0
DA:4692,0
DA:4693,0
DA:4694,0
DA:4695,0
DA:4696,0
DA:4697,0
DA:4698,0
DA:4699,0
DA:4700,0
DA:4701,0
DA:4702,0
DA:4703,0
DA:4704,0
DA:4705,0
DA:4706,0
DA:4707,0
DA:4708,0
DA:4709,0
DA:4710,0
DA:4711,0
DA:4712,0
DA:4713,0
DA:4714,0
DA:4715,0
DA:4716,0
DA:4717,0
DA:4718,0
DA:4719,0
DA:4720,0
DA:4721,0
DA:4722,0
DA:4723,0
DA:4724,0
DA:4725,0
DA:4726,0
DA:4727,0
DA:4728,0
DA:4729,0
DA:4730,0
DA:4731,0
DA:4732,0
DA:4733,0
DA:4734,0
DA:4735,0
DA:4736,0
DA:4737,0
DA:4738,0
DA:4739,0
DA:4740,0
DA:4741,0
DA:4742,0
DA:4743,0
DA:4744,0
DA:4745,0
DA:4746,0
DA:4747,0
DA:4748,0
DA:4749,0
DA:4750,0
DA:4751,0
DA:4752,0
DA:4753,0
DA:4754,0
DA:4755,0
DA:4756,0
DA:4757,0
DA:4758,0
DA:4759,0
DA:4760,0
DA:4761,0
DA:4762,0
DA:4763,0
DA:4764,0
DA:4765,0
DA:4766,0
DA:4767,0
DA:4768,0
DA:4769,0
DA:4770,0
DA:4771,0
DA:4772,0
DA:4773,0
DA:4774,0
DA:4775,0
DA:4776,0
DA:4777,0
DA:4778,0
DA:4779,0
DA:4780,0
DA:4781,0
DA:4782,0
DA:4783,0
DA:4784,0
DA:4785,0
DA:4786,0
DA:4787,0
DA:4788,0
DA:4789,0
DA:4790,0
DA:4791,0
DA:4792,0
DA:4793,0
DA:4794,0
DA:4795,0
DA:4796,0
DA:4797,0
DA:4798,0
DA:4799,0
DA:4800,0
DA:4801,0
DA:4802,0
DA:4803,0
DA:4804,0
DA:4805,0
DA:4806,0
DA:4807,0
DA:4808,0
DA:4809,0
DA:4810,0
DA:4811,0
DA:4812,0
DA:4813,0
DA:4814,0
DA:4815,0
DA:4816,0
DA:4817,0
DA:4818,0
DA:4819,0
DA:4820,0
DA:4821,0
DA:4822,0
DA:4823,0
DA:4824,0
DA:4825,0
DA:4826,0
DA:4827,0
DA:4828,1
DA:4829,1
DA:4830,1
DA:4831,1
DA:4832,0
DA:4833,0
DA:4834,0
DA:4835,0
DA:4836,0
DA:4837,0
DA:4838,0
DA:4839,0
DA:4840,0
DA:4841,0
DA:4842,0
DA:4843,0
DA:4844,0
DA:4845,0
DA:4846,0
DA:4847,0
DA:4848,0
DA:4849,0
DA:4850,0
DA:4851,0
DA:4852,0
DA:4853,0
DA:4854,0
DA:4855,0
DA:4856,0
DA:4857,0
DA:4858,0
DA:4859,0
DA:4860,0
DA:4861,0
DA:4862,0
DA:4863,0
DA:4864,0
DA:4865,0
DA:4866,0
DA:4867,0
DA:4868,0
DA:4869,0
DA:4870,0
DA:4871,0
DA:4872,0
DA:4873,0
DA:4874,0
DA:4875,0
DA:4876,0
DA:4877,0
DA:4878,0
DA:4879,0
DA:4880,0
DA:4881,0
DA:4882,0
DA:4883,0
DA:4884,0
DA:4885,0
DA:4886,0
DA:4887,0
DA:4888,0
DA:4889,0
DA:4890,0
DA:4891,0
DA:4892,0
DA:4893,0
DA:4894,0
DA:4895,0
DA:4896,0
DA:4897,0
DA:4898,0
DA:4899,0
DA:4900,0
DA:4901,0
DA:4902,0
DA:4903,0
DA:4904,0
DA:4905,0
DA:4906,0
DA:4907,0
DA:4908,0
DA:4909,0
DA:4910,0
DA:4911,0
DA:4912,0
DA:4913,0
DA:4914,0
DA:4915,0
DA:4916,0
DA:4917,0
DA:4918,0
DA:4919,0
DA:4920,0
DA:4921,0
DA:4922,0
DA:4923,0
DA:4924,0
DA:4925,0
DA:4926,0
DA:4927,0
DA:4928,0
DA:4929,0
DA:4930,0
DA:4931,0
DA:4932,0
DA:4933,0
DA:4934,0
DA:4935,0
DA:4936,0
DA:4937,0
DA:4938,0
DA:4939,0
DA:4940,0
DA:4941,0
DA:4942,0
DA:4943,0
DA:4944,0
DA:4945,0
DA:4946,0
DA:4947,0
DA:4948,0
DA:4949,0
DA:4950,0
DA:4951,0
DA:4952,0
DA:4953,0
DA:4954,0
DA:4955,0
DA:4956,0
DA:4957,0
DA:4958,0
DA:4959,0
DA:4960,0
DA:4961,0
DA:4962,0
DA:4963,0
DA:4964,0
DA:4965,0
DA:4966,0
DA:4967,0
DA:4968,0
DA:4969,0
DA:4970,0
DA:4971,0
DA:4972,0
DA:4973,0
DA:4974,0
DA:4975,0
DA:4976,0
DA:4977,0
DA:4978,0
DA:4979,0
DA:4980,0
DA:4981,0
DA:4982,0
DA:4983,0
DA:4984,0
DA:4985,0
DA:4986,0
DA:4987,0
DA:4988,0
DA:4989,0
DA:4990,0
DA:4991,0
DA:4992,0
DA:4993,0
DA:4994,0
DA:4995,0
DA:4996,0
DA:4997,0
DA:4998,0
DA:4999,0
DA:5000,0
DA:5001,0
DA:5002,0
DA:5003,0
DA:5004,0
DA:5005,0
DA:5006,0
DA:5007,0
DA:5008,0
DA:5009,0
DA:5010,0
DA:5011,0
DA:5012,0
DA:5013,0
DA:5014,0
DA:5015,0
DA:5016,0
DA:5017,0
DA:5018,0
DA:5019,0
DA:5020,0
DA:5021,1
DA:5022,1
DA:5023,1
DA:5024,1
DA:5025,0
DA:5026,0
DA:5027,0
DA:5028,0
DA:5029,0
DA:5030,0
DA:5031,0
DA:5032,0
DA:5033,0
DA:5034,0
DA:5035,0
DA:5036,0
DA:5037,0
DA:5038,0
DA:5039,0
DA:5040,0
DA:5041,0
DA:5042,0
DA:5043,0
DA:5044,0
DA:5045,0
DA:5046,0
DA:5047,0
DA:5048,0
DA:5049,0
DA:5050,0
DA:5051,0
DA:5052,0
DA:5053,0
DA:5054,0
DA:5055,0
DA:5056,0
DA:5057,0
DA:5058,0
DA:5059,0
DA:5060,0
DA:5061,0
DA:5062,0
DA:5063,0
DA:5064,0
DA:5065,0
DA:5066,1
DA:5067,1
DA:5068,1
DA:5069,1
DA:5070,0
DA:5071,0
DA:5072,0
DA:5073,0
DA:5074,0
DA:5075,0
DA:5076,0
DA:5077,0
DA:5078,0
DA:5079,0
DA:5080,0
DA:5081,0
DA:5082,0
DA:5083,0
DA:5084,0
DA:5085,0
DA:5086,0
DA:5087,0
DA:5088,0
DA:5089,0
DA:5090,0
DA:5091,0
DA:5092,0
DA:5093,0
DA:5094,0
DA:5095,0
DA:5096,0
DA:5097,0
DA:5098,0
DA:5099,0
DA:5100,0
DA:5101,0
DA:5102,0
DA:5103,0
DA:5104,0
DA:5105,0
DA:5106,0
DA:5107,0
DA:5108,0
DA:5109,0
DA:5110,0
DA:5111,0
DA:5112,0
DA:5113,0
DA:5114,0
DA:5115,0
DA:5116,0
DA:5117,0
DA:5118,0
DA:5119,0
DA:5120,0
DA:5121,0
DA:5122,0
DA:5123,0
DA:5124,0
DA:5125,0
DA:5126,0
DA:5127,0
DA:5128,0
DA:5129,0
DA:5130,0
DA:5131,0
DA:5132,0
DA:5133,0
DA:5134,0
DA:5135,0
DA:5136,0
DA:5137,0
DA:5138,0
DA:5139,0
DA:5140,0
DA:5141,0
DA:5142,0
DA:5143,0
DA:5144,0
DA:5145,0
DA:5146,0
DA:5147,0
DA:5148,0
DA:5149,0
DA:5150,0
DA:5151,0
DA:5152,0
DA:5153,0
DA:5154,0
DA:5155,0
DA:5156,0
DA:5157,0
DA:5158,0
DA:5159,0
DA:5160,0
DA:5161,0
DA:5162,0
DA:5163,0
DA:5164,0
DA:5165,0
DA:5166,0
DA:5167,0
DA:5168,0
DA:5169,0
DA:5170,0
DA:5171,0
DA:5172,0
DA:5173,0
DA:5174,0
DA:5175,0
DA:5176,0
DA:5177,0
DA:5178,0
DA:5179,0
DA:5180,0
DA:5181,0
DA:5182,0
DA:5183,0
DA:5184,0
DA:5185,0
DA:5186,0
DA:5187,0
DA:5188,0
DA:5189,0
DA:5190,0
DA:5191,0
DA:5192,0
DA:5193,0
DA:5194,0
DA:5195,0
DA:5196,0
DA:5197,0
DA:5198,0
DA:5199,0
DA:5200,0
DA:5201,0
DA:5202,0
DA:5203,0
DA:5204,0
DA:5205,0
DA:5206,0
DA:5207,0
DA:5208,0
DA:5209,0
DA:5210,0
DA:5211,0
DA:5212,0
DA:5213,0
DA:5214,0
DA:5215,0
DA:5216,0
DA:5217,0
DA:5218,0
DA:5219,0
DA:5220,0
DA:5221,0
DA:5222,0
DA:5223,0
DA:5224,0
DA:5225,0
DA:5226,0
DA:5227,0
DA:5228,0
DA:5229,0
DA:5230,0
DA:5231,0
DA:5232,0
DA:5233,0
DA:5234,0
DA:5235,0
DA:5236,0
DA:5237,1
DA:5238,1
DA:5239,1
DA:5240,1
DA:5241,1
DA:5242,0
DA:5243,0
DA:5244,0
DA:5245,0
DA:5246,0
DA:5247,0
DA:5248,0
DA:5249,0
DA:5250,1
DA:5251,1
DA:5252,1
DA:5253,1
DA:5254,0
DA:5255,0
DA:5256,0
DA:5257,0
DA:5258,0
DA:5259,0
DA:5260,0
DA:5261,0
DA:5262,0
DA:5263,0
DA:5264,0
DA:5265,0
DA:5266,0
DA:5267,0
DA:5268,0
DA:5269,0
DA:5270,0
DA:5271,0
DA:5272,0
DA:5273,0
DA:5274,0
DA:5275,0
DA:5276,0
DA:5277,0
DA:5278,0
DA:5279,0
DA:5280,0
DA:5281,0
DA:5282,0
DA:5283,0
DA:5284,0
DA:5285,0
DA:5286,0
DA:5287,0
DA:5288,0
DA:5289,0
DA:5290,0
DA:5291,0
DA:5292,0
DA:5293,0
DA:5294,0
DA:5295,0
DA:5296,0
DA:5297,0
DA:5298,0
DA:5299,0
DA:5300,0
DA:5301,0
DA:5302,0
DA:5303,0
DA:5304,0
DA:5305,0
DA:5306,0
DA:5307,0
DA:5308,0
DA:5309,0
DA:5310,0
DA:5311,0
DA:5312,0
DA:5313,0
DA:5314,0
DA:5315,0
DA:5316,0
DA:5317,0
DA:5318,0
DA:5319,0
DA:5320,0
DA:5321,0
DA:5322,0
DA:5323,0
DA:5324,0
DA:5325,0
DA:5326,0
DA:5327,0
DA:5328,0
DA:5329,0
DA:5330,0
DA:5331,0
DA:5332,0
DA:5333,0
DA:5334,0
DA:5335,0
DA:5336,0
DA:5337,0
DA:5338,0
DA:5339,0
DA:5340,0
DA:5341,0
DA:5342,0
DA:5343,0
DA:5344,0
DA:5345,0
DA:5346,0
DA:5347,0
DA:5348,0
DA:5349,0
DA:5350,0
DA:5351,0
DA:5352,0
DA:5353,0
DA:5354,0
DA:5355,0
DA:5356,0
DA:5357,0
DA:5358,0
DA:5359,0
DA:5360,0
DA:5361,0
DA:5362,0
DA:5363,0
DA:5364,0
DA:5365,0
DA:5366,0
DA:5367,1
DA:5368,1
DA:5369,1
DA:5370,1
DA:5371,0
DA:5372,0
DA:5373,0
DA:5374,0
DA:5375,0
DA:5376,0
DA:5377,0
DA:5378,0
DA:5379,0
DA:5380,0
DA:5381,0
DA:5382,0
DA:5383,0
DA:5384,0
DA:5385,0
DA:5386,0
DA:5387,0
DA:5388,0
DA:5389,0
DA:5390,0
DA:5391,0
DA:5392,0
DA:5393,0
DA:5394,0
DA:5395,0
DA:5396,0
DA:5397,0
DA:5398,0
DA:5399,0
DA:5400,0
DA:5401,0
DA:5402,0
DA:5403,0
DA:5404,0
DA:5405,0
DA:5406,0
DA:5407,0
DA:5408,0
DA:5409,0
DA:5410,0
DA:5411,0
DA:5412,1
DA:5413,1
DA:5414,1
DA:5415,1
DA:5416,1
DA:5417,1
DA:5418,1
DA:5419,1
DA:5420,1
DA:5421,1
DA:5422,1
DA:5423,19
DA:5424,19
DA:5425,1
DA:5426,1
DA:5427,1
DA:5428,1
DA:5429,1
DA:5430,1
DA:5431,1
DA:5432,1
DA:5433,1
DA:5434,1
DA:5435,1
DA:5436,1
DA:5437,1
DA:5438,1
DA:5439,1
DA:5440,1
DA:5441,1
DA:5442,1
DA:5443,1
DA:5444,1
DA:5445,1
DA:5446,1
DA:5447,1
DA:5448,1
DA:5449,1
DA:5450,1
DA:5451,1
DA:5452,1
DA:5453,0
DA:5454,0
DA:5455,0
DA:5456,0
DA:5457,0
DA:5458,0
DA:5459,0
DA:5460,0
DA:5461,0
DA:5462,0
DA:5463,0
DA:5464,0
DA:5465,1
DA:5466,1
DA:5467,1
DA:5468,1
DA:5469,1
DA:5470,1
DA:5471,1
DA:5472,1
DA:5473,1
DA:5474,1
DA:5475,1
DA:5476,1
DA:5477,1
DA:5478,1
DA:5479,1
DA:5480,1
DA:5481,1
DA:5482,1
DA:5483,1
DA:5484,1
DA:5485,0
DA:5486,0
DA:5487,0
DA:5488,0
DA:5489,1
DA:5490,1
DA:5491,1
DA:5492,1
DA:5493,1
DA:5494,1
DA:5495,1
DA:5496,1
DA:5497,1
DA:5498,1
DA:5499,1
DA:5500,1
DA:5501,1
DA:5502,1
DA:5503,1
DA:5504,1
DA:5505,1
DA:5506,0
DA:5507,0
DA:5508,0
DA:5509,0
DA:5510,0
DA:5511,0
DA:5512,0
DA:5513,0
DA:5514,0
DA:5515,0
DA:5516,0
DA:5517,0
DA:5518,0
DA:5519,1
DA:5520,1
DA:5521,1
DA:5522,1
DA:5523,1
DA:5524,1
DA:5525,1
DA:5526,1
DA:5527,1
DA:5528,1
DA:5529,1
DA:5530,1
DA:5531,1
DA:5532,1
DA:5533,1
DA:5534,1
DA:5535,1
DA:5536,1
DA:5537,1
DA:5538,1
DA:5539,1
DA:5540,1
DA:5541,1
DA:5542,0
DA:5543,0
DA:5544,0
DA:5545,0
DA:5546,0
DA:5547,0
DA:5548,0
DA:5549,0
DA:5550,0
DA:5551,0
DA:5552,1
DA:5553,1
DA:5554,0
DA:5555,0
DA:5556,0
DA:5557,0
DA:5558,0
DA:5559,0
DA:5560,0
DA:5561,0
DA:5562,0
DA:5563,0
DA:5564,0
DA:5565,0
DA:5566,0
DA:5567,0
DA:5568,0
DA:5569,0
DA:5570,0
DA:5571,0
DA:5572,0
DA:5573,0
DA:5574,0
DA:5575,0
DA:5576,0
DA:5577,0
DA:5578,0
DA:5579,0
DA:5580,0
DA:5581,0
DA:5582,0
DA:5583,0
DA:5584,0
DA:5585,0
DA:5586,0
DA:5587,0
DA:5588,0
DA:5589,0
DA:5590,0
DA:5591,0
DA:5592,0
DA:5593,0
DA:5594,0
DA:5595,0
DA:5596,0
DA:5597,0
DA:5598,0
DA:5599,0
DA:5600,0
DA:5601,0
DA:5602,0
DA:5603,0
DA:5604,0
DA:5605,1
DA:5606,1
DA:5607,1
DA:5608,1
DA:5609,1
DA:5610,1
DA:5611,1
DA:5612,1
DA:5613,1
DA:5614,1
DA:5615,1
DA:5616,1
DA:5617,1
DA:5618,1
DA:5619,1
DA:5620,1
DA:5621,1
DA:5622,1
DA:5623,1
DA:5624,0
DA:5625,0
DA:5626,0
DA:5627,1
DA:5628,1
DA:5629,0
DA:5630,0
DA:5631,1
DA:5632,0
DA:5633,0
DA:5634,1
DA:5635,1
DA:5636,0
DA:5637,0
DA:5638,1
DA:5639,1
DA:5640,0
DA:5641,0
DA:5642,1
DA:5643,0
DA:5644,0
DA:5645,1
DA:5646,1
DA:5647,1
DA:5648,1
DA:5649,1
DA:5650,1
DA:5651,0
DA:5652,0
DA:5653,1
DA:5654,1
DA:5655,1
DA:5656,1
DA:5657,1
DA:5658,1
DA:5659,1
DA:5660,1
DA:5661,1
DA:5662,1
DA:5663,1
DA:5664,1
DA:5665,1
DA:5666,1
DA:5667,1
DA:5668,1
DA:5669,1
DA:5670,1
DA:5671,1
DA:5672,1
DA:5673,1
DA:5674,38
DA:5675,0
DA:5676,0
DA:5677,0
DA:5678,0
DA:5679,0
DA:5680,0
DA:5681,0
DA:5682,38
DA:5683,38
DA:5684,38
DA:5685,38
DA:5686,1
DA:5687,1
DA:5688,1
DA:5689,1
DA:5690,1
DA:5691,1
DA:5692,38
DA:5693,38
DA:5694,38
DA:5695,38
DA:5696,38
DA:5697,38
DA:5698,38
DA:5699,19
DA:5700,19
DA:5701,38
DA:5702,1
DA:5703,1
DA:5704,5
DA:5705,1
DA:5706,1
DA:5707,1
DA:5708,1
DA:5709,1
DA:5710,1
DA:5711,1
DA:5712,1
DA:5713,1
DA:5714,1
DA:5715,1
DA:5716,1
DA:5717,1
DA:5718,1
DA:5719,1
DA:5720,1
DA:5721,1
DA:5722,1
DA:5723,1
DA:5724,1
DA:5725,1
DA:5726,1
DA:5727,1
DA:5728,1
DA:5729,1
DA:5730,1
DA:5731,1
DA:5732,1
DA:5733,1
DA:5734,1
DA:5735,1
DA:5736,1
DA:5737,1
DA:5738,1
DA:5739,0
DA:5740,1
DA:5741,1
DA:5742,1
DA:5743,1
DA:5744,1
DA:5745,1
DA:5746,1
DA:5747,1
DA:5748,1
DA:5749,1
DA:5750,1
DA:5751,1
DA:5752,1
DA:5753,1
DA:5754,1
DA:5755,1
DA:5756,1
DA:5757,40
DA:5758,40
DA:5759,40
DA:5760,40
DA:5761,40
DA:5762,1
DA:5763,1
DA:5764,1
DA:5765,1
DA:5766,1
DA:5767,1
DA:5768,1
DA:5769,1
DA:5770,1
DA:5771,1
DA:5772,1
DA:5773,1
DA:5774,1
DA:5775,1
DA:5776,1
DA:5777,1
DA:5778,1
DA:5779,1
DA:5780,1
DA:5781,1
DA:5782,1
DA:5783,1
DA:5784,1
DA:5785,1
DA:5786,1
DA:5787,1
DA:5788,1
DA:5789,1
DA:5790,1
DA:5791,1
DA:5792,1
DA:5793,1
DA:5794,1
DA:5795,1
DA:5796,1
DA:5797,1
DA:5798,1
DA:5799,1
DA:5800,1
DA:5801,1
DA:5802,1
DA:5803,1
DA:5804,1
DA:5805,1
DA:5806,1
DA:5807,1
DA:5808,1
DA:5809,1
DA:5810,1
DA:5811,1
DA:5812,1
DA:5813,1
DA:5814,1
DA:5815,1
DA:5816,1
DA:5817,1
DA:5818,1
DA:5819,1
DA:5820,1
DA:5821,1
DA:5822,1
DA:5823,1
DA:5824,1
DA:5825,1
DA:5826,1
DA:5827,1
DA:5828,1
DA:5829,1
DA:5830,1
DA:5831,1
DA:5832,1
DA:5833,1
DA:5834,1
DA:5835,1
DA:5836,1
DA:5837,1
DA:5838,1
DA:5839,1
DA:5840,1
DA:5841,1
DA:5842,1
DA:5843,1
DA:5844,1
DA:5845,1
DA:5846,1
DA:5847,1
DA:5848,1
DA:5849,1
DA:5850,1
DA:5851,1
DA:5852,1
DA:5853,1
DA:5854,1
DA:5855,1
DA:5856,1
DA:5857,1
DA:5858,1
DA:5859,1
DA:5860,1
DA:5861,1
DA:5862,1
DA:5863,1
DA:5864,1
DA:5865,1
DA:5866,1
DA:5867,1
DA:5868,1
DA:5869,1
DA:5870,1
DA:5871,1
DA:5872,1
DA:5873,1
DA:5874,1
DA:5875,1
DA:5876,1
DA:5877,1
DA:5878,1
DA:5879,1
DA:5880,1
DA:5881,1
DA:5882,1
DA:5883,1
DA:5884,1
DA:5885,1
DA:5886,1
DA:5887,1
DA:5888,1
DA:5889,1
DA:5890,1
DA:5891,1
DA:5892,1
DA:5893,1
DA:5894,1
DA:5895,1
DA:5896,1
DA:5897,1
DA:5898,1
DA:5899,1
DA:5900,1
DA:5901,1
DA:5902,1
DA:5903,1
DA:5904,1
DA:5905,1
DA:5906,1
DA:5907,1
DA:5908,1
DA:5909,1
DA:5910,1
DA:5911,1
DA:5912,1
DA:5913,1
DA:5914,1
DA:5915,1
DA:5916,1
DA:5917,1
DA:5918,1
DA:5919,1
DA:5920,1
DA:5921,1
DA:5922,1
DA:5923,1
DA:5924,1
DA:5925,1
DA:5926,1
DA:5927,1
DA:5928,1
DA:5929,1
DA:5930,1
DA:5931,1
DA:5932,1
DA:5933,1
DA:5934,0
DA:5935,0
DA:5936,0
DA:5937,0
DA:5938,0
DA:5939,1
DA:5940,1
DA:5941,1
DA:5942,1
DA:5943,1
DA:5944,0
DA:5945,0
DA:5946,0
DA:5947,0
DA:5948,0
DA:5949,0
DA:5950,0
DA:5951,0
DA:5952,0
DA:5953,0
DA:5954,0
DA:5955,0
DA:5956,0
DA:5957,1
DA:5958,1
DA:5959,1
DA:5960,1
DA:5961,1
DA:5962,1
DA:5963,1
DA:5964,1
DA:5965,1
DA:5966,1
DA:5967,1
DA:5968,1
DA:5969,1
DA:5970,1
DA:5971,1
DA:5972,1
DA:5973,1
DA:5974,0
DA:5975,0
DA:5976,0
DA:5977,0
DA:5978,0
DA:5979,0
DA:5980,0
DA:5981,0
DA:5982,0
DA:5983,0
DA:5984,0
DA:5985,0
DA:5986,0
DA:5987,0
DA:5988,0
DA:5989,0
DA:5990,0
DA:5991,0
DA:5992,0
DA:5993,0
DA:5994,0
DA:5995,0
DA:5996,0
DA:5997,0
DA:5998,0
DA:5999,0
DA:6000,0
DA:6001,0
DA:6002,0
DA:6003,0
DA:6004,0
DA:6005,0
DA:6006,0
DA:6007,0
DA:6008,0
DA:6009,0
DA:6010,0
DA:6011,0
DA:6012,0
DA:6013,0
DA:6014,0
DA:6015,0
DA:6016,0
DA:6017,0
DA:6018,0
DA:6019,0
DA:6020,0
DA:6021,0
DA:6022,0
DA:6023,0
DA:6024,0
DA:6025,0
DA:6026,0
DA:6027,0
DA:6028,0
DA:6029,0
DA:6030,0
DA:6031,0
DA:6032,0
DA:6033,0
DA:6034,0
DA:6035,0
DA:6036,0
DA:6037,0
DA:6038,0
DA:6039,0
DA:6040,0
DA:6041,0
DA:6042,0
DA:6043,1
DA:6044,1
DA:6045,0
DA:6046,0
DA:6047,0
DA:6048,0
DA:6049,0
DA:6050,0
DA:6051,1
DA:6052,1
DA:6053,0
DA:6054,0
DA:6055,1
DA:6056,1
DA:6057,0
DA:6058,0
DA:6059,0
DA:6060,0
DA:6061,0
DA:6062,0
DA:6063,0
DA:6064,0
DA:6065,0
DA:6066,0
DA:6067,0
DA:6068,0
DA:6069,0
DA:6070,0
DA:6071,1
DA:6072,1
DA:6073,0
DA:6074,0
DA:6075,0
DA:6076,0
DA:6077,0
DA:6078,0
DA:6079,0
DA:6080,0
DA:6081,0
DA:6082,0
DA:6083,1
DA:6084,1
DA:6085,0
DA:6086,0
DA:6087,0
DA:6088,0
DA:6089,0
DA:6090,0
DA:6091,0
DA:6092,0
DA:6093,0
DA:6094,0
DA:6095,0
DA:6096,0
DA:6097,0
DA:6098,0
DA:6099,0
DA:6100,0
DA:6101,0
DA:6102,0
DA:6103,0
DA:6104,0
DA:6105,0
DA:6106,0
DA:6107,0
DA:6108,0
DA:6109,0
DA:6110,0
DA:6111,0
DA:6112,0
DA:6113,0
DA:6114,0
DA:6115,0
DA:6116,1
DA:6117,1
DA:6118,0
DA:6119,0
DA:6120,0
DA:6121,0
DA:6122,0
DA:6123,0
DA:6124,0
DA:6125,0
DA:6126,0
DA:6127,0
DA:6128,0
DA:6129,0
DA:6130,0
DA:6131,0
DA:6132,0
DA:6133,0
DA:6134,0
DA:6135,0
DA:6136,0
DA:6137,0
DA:6138,0
DA:6139,0
DA:6140,1
DA:6141,1
DA:6142,1
DA:6143,1
DA:6144,0
DA:6145,0
DA:6146,0
DA:6147,0
DA:6148,0
DA:6149,0
DA:6150,0
DA:6151,0
DA:6152,0
DA:6153,0
DA:6154,0
DA:6155,0
DA:6156,0
DA:6157,0
DA:6158,0
DA:6159,0
DA:6160,0
DA:6161,0
DA:6162,0
DA:6163,0
DA:6164,0
DA:6165,0
DA:6166,0
DA:6167,0
DA:6168,0
DA:6169,0
DA:6170,0
DA:6171,0
DA:6172,0
DA:6173,0
DA:6174,0
DA:6175,0
DA:6176,0
DA:6177,0
DA:6178,0
DA:6179,0
DA:6180,0
DA:6181,0
DA:6182,0
DA:6183,0
DA:6184,0
DA:6185,0
DA:6186,0
DA:6187,0
DA:6188,0
DA:6189,0
DA:6190,0
DA:6191,0
DA:6192,0
DA:6193,0
DA:6194,0
DA:6195,0
DA:6196,0
DA:6197,0
DA:6198,0
DA:6199,0
DA:6200,0
DA:6201,0
DA:6202,0
DA:6203,0
DA:6204,0
DA:6205,0
DA:6206,0
DA:6207,0
DA:6208,0
DA:6209,0
DA:6210,0
DA:6211,0
DA:6212,0
DA:6213,0
DA:6214,0
DA:6215,0
DA:6216,0
DA:6217,0
DA:6218,0
DA:6219,0
DA:6220,0
DA:6221,0
DA:6222,0
DA:6223,0
DA:6224,0
DA:6225,0
DA:6226,0
DA:6227,0
DA:6228,0
DA:6229,0
DA:6230,0
DA:6231,0
DA:6232,0
DA:6233,0
DA:6234,0
DA:6235,0
DA:6236,0
DA:6237,0
DA:6238,0
DA:6239,0
DA:6240,0
DA:6241,0
DA:6242,0
DA:6243,0
DA:6244,0
DA:6245,0
DA:6246,0
DA:6247,0
DA:6248,0
DA:6249,0
DA:6250,1
DA:6251,1
DA:6252,1
DA:6253,1
DA:6254,1
DA:6255,1
DA:6256,1
DA:6257,1
DA:6258,1
DA:6259,1
DA:6260,0
DA:6261,0
DA:6262,0
DA:6263,0
DA:6264,0
DA:6265,0
DA:6266,0
DA:6267,0
DA:6268,0
DA:6269,0
DA:6270,0
DA:6271,0
DA:6272,0
DA:6273,0
DA:6274,0
DA:6275,0
DA:6276,0
DA:6277,0
DA:6278,0
DA:6279,0
DA:6280,0
DA:6281,0
DA:6282,0
DA:6283,0
DA:6284,1
DA:6285,1
DA:6286,1
DA:6287,1
DA:6288,1
DA:6289,1
DA:6290,0
DA:6291,0
DA:6292,1
DA:6293,1
DA:6294,1
DA:6295,1
DA:6296,1
DA:6297,0
DA:6298,0
DA:6299,1
DA:6300,1
DA:6301,1
DA:6302,1
DA:6303,1
DA:6304,1
DA:6305,0
DA:6306,0
DA:6307,0
DA:6308,0
DA:6309,0
DA:6310,0
DA:6311,0
DA:6312,0
DA:6313,0
DA:6314,0
DA:6315,0
DA:6316,0
DA:6317,0
DA:6318,1
DA:6319,1
DA:6320,1
[...]
DA:9779,62
DA:9780,62
DA:9781,62
DA:9782,62
DA:9783,62
DA:9784,1
DA:9785,1
DA:9786,1
DA:9787,1
DA:9788,1
DA:9789,65
DA:9790,65
DA:9791,65
DA:9792,30
DA:9793,30
DA:9794,35
DA:9795,35
DA:9796,1
DA:9797,1
DA:9798,1
DA:9799,1
DA:9800,1
DA:9801,0
DA:9802,0
DA:9803,0
DA:9804,0
DA:9805,0
DA:9806,0
DA:9807,0
DA:9808,0
DA:9809,0
DA:9810,0
DA:9811,0
DA:9812,0
DA:9813,0
DA:9814,0
DA:9815,0
DA:9816,0
DA:9817,0
DA:9818,0
DA:9819,0
DA:9820,0
DA:9821,0
DA:9822,1
DA:9823,1
DA:9824,1
DA:9825,0
DA:9826,0
DA:9827,0
DA:9828,0
DA:9829,0
DA:9830,0
DA:9831,0
DA:9832,0
DA:9833,0
DA:9834,0
DA:9835,0
DA:9836,0
DA:9837,0
DA:9838,0
DA:9839,0
DA:9840,0
DA:9841,0
DA:9842,0
DA:9843,0
DA:9844,0
DA:9845,0
DA:9846,0
DA:9847,0
DA:9848,0
DA:9849,0
DA:9850,0
DA:9851,0
DA:9852,0
DA:9853,0
DA:9854,0
DA:9855,0
DA:9856,0
DA:9857,0
DA:9858,0
DA:9859,0
DA:9860,0
DA:9861,0
DA:9862,0
DA:9863,0
DA:9864,0
DA:9865,0
DA:9866,0
DA:9867,0
DA:9868,0
DA:9869,0
DA:9870,0
DA:9871,0
DA:9872,0
DA:9873,0
DA:9874,0
DA:9875,0
DA:9876,0
DA:9877,0
DA:9878,0
DA:9879,0
DA:9880,0
DA:9881,0
DA:9882,1
DA:9883,1
DA:9884,1
DA:9885,1
DA:9886,1
DA:9887,1
DA:9888,1
DA:9889,0
DA:9890,0
DA:9891,0
DA:9892,0
DA:9893,0
DA:9894,0
DA:9895,0
DA:9896,0
DA:9897,0
DA:9898,0
DA:9899,0
DA:9900,0
DA:9901,0
DA:9902,0
DA:9903,0
DA:9904,0
DA:9905,0
DA:9906,0
DA:9907,0
DA:9908,0
DA:9909,0
DA:9910,0
DA:9911,0
DA:9912,0
DA:9913,1
DA:9914,1
DA:9915,1
DA:9916,1
DA:9917,1
DA:9918,1
DA:9919,1
DA:9920,1
DA:9921,1
DA:9922,1
DA:9923,1
DA:9924,1
DA:9925,1
DA:9926,1
DA:9927,1
DA:9928,1
DA:9929,1
DA:9930,1
DA:9931,1
DA:9932,1
DA:9933,1
DA:9934,1
DA:9935,1
DA:9936,1
DA:9937,1
DA:9938,1
DA:9939,1
DA:9940,1
DA:9941,1
DA:9942,1
DA:9943,1
DA:9944,1
DA:9945,1
DA:9946,1
DA:9947,1
DA:9948,1
DA:9949,1
DA:9950,1
DA:9951,1
DA:9952,1
DA:9953,1
DA:9954,1
DA:9955,1
DA:9956,1
DA:9957,1
DA:9958,1
DA:9959,1
DA:9960,1
DA:9961,1
DA:9962,1
DA:9963,1
DA:9964,1
DA:9965,1
DA:9966,1
DA:9967,1
DA:9968,1
DA:9969,1
DA:9970,0
DA:9971,0
DA:9972,0
DA:9973,0
DA:9974,0
DA:9975,0
DA:9976,0
DA:9977,0
DA:9978,1
DA:9979,1
DA:9980,1
DA:9981,1
DA:9982,1
DA:9983,1
DA:9984,1
DA:9985,1
DA:9986,1
DA:9987,1
DA:9988,1
DA:9989,1
DA:9990,1
DA:9991,1
DA:9992,1
DA:9993,1
DA:9994,1
DA:9995,1
DA:9996,1
DA:9997,1
DA:9998,1
DA:9999,1
DA:10000,1
DA:10001,1
DA:10002,1
DA:10003,0
DA:10004,0
DA:10005,0
DA:10006,1
DA:10007,1
DA:10008,1
DA:10009,1
DA:10010,1
DA:10011,1
DA:10012,1
DA:10013,1
DA:10014,0
DA:10015,0
DA:10016,1
DA:10017,1
DA:10018,1
DA:10019,0
DA:10020,1
DA:10021,1
DA:10022,1
DA:10023,1
DA:10024,1
DA:10025,1
DA:10026,1
DA:10027,1
DA:10028,1
DA:10029,1
DA:10030,1
DA:10031,1
DA:10032,1
DA:10033,1
DA:10034,1
DA:10035,1
DA:10036,0
DA:10037,0
DA:10038,0
DA:10039,0
DA:10040,0
DA:10041,0
DA:10042,0
DA:10043,0
DA:10044,0
DA:10045,0
DA:10046,0
DA:10047,0
DA:10048,0
DA:10049,0
DA:10050,0
DA:10051,0
DA:10052,0
DA:10053,0
DA:10054,0
DA:10055,0
DA:10056,0
DA:10057,0
DA:10058,0
DA:10059,0
DA:10060,0
DA:10061,1
DA:10062,1
DA:10063,1
DA:10064,0
DA:10065,0
DA:10066,0
DA:10067,0
DA:10068,0
DA:10069,0
DA:10070,0
DA:10071,0
DA:10072,0
DA:10073,0
DA:10074,0
DA:10075,0
DA:10076,0
DA:10077,1
DA:10078,1
DA:10079,1
DA:10080,1
DA:10081,0
DA:10082,0
DA:10083,0
DA:10084,0
DA:10085,0
DA:10086,0
DA:10087,1
DA:10088,1
DA:10089,1
DA:10090,1
DA:10091,1
DA:10092,13
DA:10093,0
DA:10094,0
DA:10095,0
DA:10096,0
DA:10097,0
DA:10098,0
DA:10099,0
DA:10100,0
DA:10101,0
DA:10102,0
DA:10103,0
DA:10104,0
DA:10105,0
DA:10106,0
DA:10107,0
DA:10108,0
DA:10109,0
DA:10110,0
DA:10111,0
DA:10112,0
DA:10113,0
DA:10114,0
DA:10115,0
DA:10116,13
DA:10117,1
DA:10118,1
DA:10119,1
DA:10120,0
DA:10121,1
DA:10122,1
DA:10123,1
DA:10124,1
DA:10125,1
DA:10126,0
DA:10127,0
DA:10128,0
DA:10129,0
DA:10130,0
DA:10131,0
DA:10132,0
DA:10133,0
DA:10134,0
DA:10135,0
DA:10136,0
DA:10137,0
DA:10138,0
DA:10139,0
DA:10140,0
DA:10141,0
DA:10142,0
DA:10143,0
DA:10144,0
DA:10145,0
DA:10146,0
DA:10147,0
DA:10148,1
DA:10149,1
DA:10150,1
DA:10151,1
DA:10152,1
DA:10153,0
DA:10154,0
DA:10155,0
DA:10156,0
DA:10157,0
DA:10158,0
DA:10159,0
DA:10160,0
DA:10161,0
DA:10162,0
DA:10163,1
DA:10164,1
DA:10165,1
DA:10166,1
DA:10167,0
DA:10168,0
DA:10169,0
DA:10170,0
DA:10171,0
DA:10172,0
DA:10173,0
DA:10174,0
DA:10175,0
DA:10176,0
DA:10177,0
DA:10178,0
DA:10179,0
DA:10180,0
DA:10181,0
DA:10182,1
DA:10183,1
DA:10184,1
DA:10185,1
DA:10186,1
DA:10187,1
DA:10188,1
DA:10189,0
DA:10190,0
DA:10191,0
DA:10192,1
DA:10193,1
DA:10194,1
DA:10195,0
DA:10196,0
DA:10197,0
DA:10198,0
DA:10199,0
DA:10200,0
DA:10201,0
DA:10202,0
DA:10203,0
DA:10204,0
DA:10205,0
DA:10206,0
DA:10207,0
DA:10208,0
DA:10209,0
DA:10210,0
DA:10211,1
DA:10212,1
DA:10213,1
DA:10214,1
DA:10215,1
DA:10216,1
DA:10217,1
DA:10218,1
DA:10219,0
DA:10220,0
DA:10221,0
DA:10222,0
DA:10223,0
DA:10224,0
DA:10225,0
DA:10226,0
DA:10227,0
DA:10228,1
DA:10229,1
DA:10230,1
DA:10231,1
DA:10232,0
DA:10233,0
DA:10234,0
DA:10235,0
DA:10236,0
DA:10237,1
DA:10238,1
DA:10239,1
DA:10240,0
DA:10241,0
DA:10242,1
DA:10243,1
DA:10244,1
DA:10245,1
DA:10246,0
DA:10247,0
DA:10248,0
DA:10249,0
DA:10250,0
DA:10251,0
DA:10252,0
DA:10253,0
DA:10254,0
DA:10255,0
DA:10256,0
DA:10257,0
DA:10258,0
DA:10259,0
DA:10260,0
DA:10261,0
DA:10262,1
DA:10263,1
DA:10264,1
DA:10265,0
DA:10266,0
DA:10267,0
DA:10268,1
DA:10269,1
DA:10270,1
DA:10271,1
DA:10272,0
DA:10273,0
DA:10274,0
DA:10275,0
DA:10276,0
DA:10277,0
DA:10278,0
DA:10279,0
DA:10280,0
DA:10281,0
DA:10282,0
DA:10283,1
DA:10284,1
DA:10285,0
DA:10286,0
DA:10287,0
DA:10288,0
DA:10289,0
DA:10290,1
DA:10291,1
DA:10292,1
DA:10293,1
DA:10294,1
DA:10295,1
DA:10296,0
DA:10297,0
DA:10298,0
DA:10299,0
DA:10300,0
DA:10301,0
DA:10302,0
DA:10303,0
DA:10304,0
DA:10305,0
DA:10306,0
DA:10307,0
DA:10308,0
DA:10309,0
DA:10310,0
DA:10311,0
DA:10312,0
DA:10313,0
DA:10314,0
DA:10315,0
DA:10316,0
DA:10317,0
DA:10318,0
DA:10319,0
DA:10320,0
DA:10321,0
DA:10322,0
DA:10323,0
DA:10324,0
DA:10325,0
DA:10326,0
DA:10327,0
DA:10328,0
DA:10329,0
DA:10330,0
DA:10331,0
DA:10332,0
DA:10333,0
DA:10334,0
DA:10335,0
DA:10336,0
DA:10337,0
DA:10338,0
DA:10339,0
DA:10340,0
DA:10341,0
DA:10342,0
DA:10343,1
DA:10344,1
DA:10345,1
DA:10346,1
DA:10347,1
DA:10348,1
DA:10349,1
DA:10350,1
DA:10351,1
DA:10352,1
DA:10353,1
DA:10354,0
DA:10355,0
DA:10356,0
DA:10357,1
DA:10358,1
DA:10359,0
DA:10360,0
DA:10361,0
DA:10362,0
DA:10363,0
DA:10364,0
DA:10365,0
DA:10366,0
DA:10367,0
DA:10368,0
DA:10369,0
DA:10370,0
DA:10371,0
DA:10372,0
DA:10373,0
DA:10374,0
DA:10375,0
DA:10376,0
DA:10377,0
DA:10378,0
DA:10379,0
DA:10380,0
DA:10381,0
DA:10382,0
DA:10383,0
DA:10384,0
DA:10385,0
DA:10386,0
DA:10387,0
DA:10388,0
DA:10389,0
DA:10390,0
DA:10391,0
DA:10392,0
DA:10393,0
DA:10394,0
DA:10395,0
DA:10396,0
DA:10397,0
DA:10398,0
DA:10399,0
DA:10400,1
DA:10401,1
DA:10402,1
DA:10403,1
DA:10404,1
DA:10405,1
DA:10406,1
DA:10407,1
DA:10408,1
DA:10409,0
DA:10410,0
DA:10411,0
DA:10412,0
DA:10413,0
DA:10414,0
DA:10415,0
DA:10416,0
DA:10417,0
DA:10418,0
DA:10419,0
DA:10420,0
DA:10421,0
DA:10422,0
DA:10423,0
DA:10424,0
DA:10425,0
DA:10426,0
DA:10427,0
DA:10428,0
DA:10429,0
DA:10430,0
DA:10431,0
DA:10432,0
DA:10433,0
DA:10434,0
DA:10435,0
DA:10436,0
DA:10437,0
DA:10438,0
DA:10439,0
DA:10440,0
DA:10441,0
DA:10442,0
DA:10443,0
DA:10444,1
DA:10445,1
DA:10446,1
DA:10447,1
DA:10448,0
DA:10449,0
DA:10450,0
DA:10451,0
DA:10452,0
DA:10453,0
DA:10454,0
DA:10455,0
DA:10456,0
DA:10457,0
DA:10458,0
DA:10459,1
DA:10460,1
DA:10461,1
DA:10462,1
DA:10463,0
DA:10464,0
DA:10465,0
DA:10466,0
DA:10467,0
DA:10468,0
DA:10469,0
DA:10470,0
DA:10471,0
DA:10472,0
DA:10473,0
DA:10474,0
DA:10475,0
DA:10476,0
DA:10477,0
DA:10478,1
DA:10479,1
DA:10480,1
DA:10481,1
DA:10482,0
DA:10483,0
DA:10484,0
DA:10485,0
DA:10486,0
DA:10487,0
DA:10488,0
DA:10489,0
DA:10490,0
DA:10491,0
DA:10492,0
DA:10493,1
DA:10494,1
DA:10495,1
DA:10496,0
DA:10497,0
DA:10498,0
DA:10499,0
DA:10500,0
DA:10501,0
DA:10502,0
DA:10503,0
DA:10504,0
DA:10505,1
DA:10506,1
DA:10507,1
DA:10508,1
DA:10509,0
DA:10510,0
DA:10511,0
DA:10512,0
DA:10513,0
DA:10514,0
DA:10515,0
DA:10516,0
DA:10517,0
DA:10518,0
DA:10519,0
DA:10520,0
DA:10521,0
DA:10522,0
DA:10523,1
DA:10524,1
DA:10525,1
DA:10526,1
DA:10527,3
DA:10528,3
DA:10529,1
DA:10530,1
DA:10531,1
DA:10532,1
DA:10533,0
DA:10534,0
DA:10535,0
DA:10536,0
DA:10537,0
DA:10538,0
DA:10539,0
DA:10540,0
DA:10541,0
DA:10542,0
DA:10543,1
DA:10544,1
DA:10545,1
DA:10546,1
DA:10547,0
DA:10548,0
DA:10549,0
DA:10550,0
DA:10551,0
DA:10552,0
DA:10553,0
DA:10554,0
DA:10555,0
DA:10556,0
DA:10557,0
DA:10558,0
DA:10559,0
DA:10560,1
DA:10561,1
DA:10562,1
DA:10563,0
DA:10564,0
DA:10565,0
DA:10566,0
DA:10567,0
DA:10568,1
DA:10569,1
DA:10570,1
DA:10571,1
DA:10572,1
DA:10573,1
DA:10574,0
DA:10575,0
DA:10576,0
DA:10577,0
DA:10578,0
DA:10579,1
DA:10580,1
DA:10581,1
DA:10582,1
DA:10583,1
DA:10584,1
DA:10585,1
DA:10586,1
DA:10587,1
DA:10588,0
DA:10589,0
DA:10590,0
DA:10591,0
DA:10592,0
DA:10593,0
DA:10594,0
DA:10595,1
DA:10596,1
DA:10597,1
DA:10598,0
DA:10599,0
DA:10600,0
DA:10601,0
DA:10602,0
DA:10603,0
DA:10604,0
DA:10605,0
DA:10606,0
DA:10607,0
DA:10608,0
DA:10609,0
DA:10610,0
DA:10611,0
DA:10612,0
DA:10613,0
DA:10614,0
DA:10615,0
DA:10616,0
DA:10617,0
DA:10618,0
DA:10619,0
DA:10620,0
DA:10621,0
DA:10622,0
DA:10623,0
DA:10624,0
DA:10625,0
DA:10626,0
DA:10627,0
DA:10628,0
DA:10629,1
DA:10630,1
DA:10631,1
DA:10632,0
DA:10633,0
DA:10634,0
DA:10635,0
DA:10636,0
DA:10637,0
DA:10638,0
DA:10639,0
DA:10640,0
DA:10641,0
DA:10642,1
DA:10643,1
DA:10644,0
DA:10645,0
DA:10646,0
DA:10647,0
DA:10648,0
DA:10649,0
DA:10650,0
DA:10651,0
DA:10652,0
DA:10653,0
DA:10654,0
DA:10655,0
DA:10656,0
DA:10657,0
DA:10658,0
DA:10659,0
DA:10660,0
DA:10661,0
DA:10662,0
DA:10663,0
DA:10664,0
DA:10665,0
DA:10666,0
DA:10667,0
DA:10668,0
DA:10669,0
DA:10670,0
DA:10671,0
DA:10672,0
DA:10673,0
DA:10674,0
DA:10675,0
DA:10676,0
DA:10677,0
DA:10678,0
DA:10679,0
DA:10680,0
DA:10681,0
DA:10682,0
DA:10683,0
DA:10684,0
DA:10685,0
DA:10686,0
DA:10687,0
DA:10688,0
DA:10689,0
DA:10690,0
DA:10691,0
DA:10692,0
DA:10693,0
DA:10694,0
DA:10695,0
DA:10696,0
DA:10697,0
DA:10698,0
DA:10699,0
DA:10700,0
DA:10701,0
DA:10702,0
DA:10703,0
DA:10704,0
DA:10705,0
DA:10706,0
DA:10707,0
DA:10708,0
DA:10709,0
DA:10710,0
DA:10711,0
DA:10712,0
DA:10713,0
DA:10714,0
DA:10715,0
DA:10716,0
DA:10717,0
DA:10718,0
DA:10719,0
DA:10720,0
DA:10721,0
DA:10722,0
DA:10723,0
DA:10724,0
DA:10725,0
DA:10726,0
DA:10727,0
DA:10728,0
DA:10729,0
DA:10730,0
DA:10731,0
DA:10732,1
DA:10733,1
DA:10734,1
DA:10735,1
DA:10736,1
DA:10737,1
DA:10738,1
DA:10739,1
DA:10740,1
DA:10741,1
DA:10742,1
DA:10743,1
DA:10744,1
DA:10745,1
DA:10746,1
DA:10747,1
DA:10748,1
DA:10749,0
DA:10750,0
DA:10751,1
DA:10752,0
DA:10753,0
DA:10754,1
DA:10755,0
DA:10756,0
DA:10757,1
DA:10758,0
DA:10759,0
DA:10760,0
DA:10761,0
DA:10762,0
DA:10763,0
DA:10764,0
DA:10765,0
DA:10766,1
DA:10767,0
DA:10768,0
DA:10769,1
DA:10770,1
DA:10771,1
DA:10772,1
DA:10773,1
DA:10774,1
DA:10775,1
DA:10776,1
DA:10777,1
DA:10778,1
DA:10779,1
DA:10780,1
DA:10781,1
DA:10782,1
DA:10783,2
DA:10784,2
DA:10785,2
DA:10786,2
DA:10787,2
DA:10788,0
DA:10789,0
DA:10790,0
DA:10791,2
DA:10792,2
DA:10793,1
DA:10794,1
DA:10795,1
DA:10796,1
DA:10797,1
DA:10798,1
DA:10799,1
DA:10800,1
DA:10801,1
DA:10802,1
DA:10803,1
DA:10804,0
DA:10805,0
DA:10806,1
DA:10807,1
DA:10808,1
DA:10809,1
DA:10810,0
DA:10811,0
DA:10812,1
DA:10813,1
DA:10814,1
DA:10815,1
DA:10816,11
DA:10817,11
DA:10818,1
DA:10819,1
DA:10820,11
DA:10821,11
DA:10822,11
DA:10823,1
DA:10824,5
DA:10825,5
DA:10826,5
DA:10827,5
DA:10828,5
DA:10829,5
DA:10830,5
DA:10831,1
DA:10832,1
DA:10833,1
DA:10834,1
DA:10835,1
DA:10836,5
DA:10837,5
DA:10838,5
DA:10839,1
DA:10840,3
DA:10841,3
DA:10842,3
DA:10843,1
DA:10844,9
DA:10845,9
DA:10846,9
DA:10847,9
DA:10848,9
DA:10849,1
DA:10850,2
DA:10851,2
DA:10852,3
DA:10853,2
DA:10854,2
DA:10855,1
DA:10856,0
DA:10857,0
DA:10858,0
DA:10859,0
DA:10860,0
DA:10861,0
DA:10862,0
DA:10863,1
DA:10864,4
DA:10865,4
DA:10866,4
DA:10867,0
DA:10868,4
DA:10869,4
DA:10870,4
DA:10871,1
DA:10872,4
DA:10873,4
DA:10874,4
DA:10875,1
DA:10876,12
DA:10877,12
DA:10878,12
DA:10879,12
DA:10880,0
DA:10881,0
DA:10882,12
DA:10883,1
DA:10884,1
DA:10885,6
DA:10886,6
DA:10887,6
DA:10888,6
DA:10889,6
DA:10890,1
DA:10891,2
DA:10892,2
DA:10893,2
DA:10894,2
DA:10895,0
DA:10896,2
DA:10897,2
DA:10898,2
DA:10899,6
DA:10900,0
DA:10901,0
DA:10902,6
DA:10903,6
DA:10904,0
DA:10905,6
DA:10906,6
DA:10907,6
DA:10908,2
DA:10909,2
DA:10910,2
DA:10911,1
DA:10912,4
DA:10913,4
DA:10914,4
DA:10915,4
DA:10916,4
DA:10917,4
DA:10918,4
DA:10919,4
DA:10920,4
DA:10921,4
DA:10922,4
DA:10923,4
DA:10924,4
DA:10925,0
DA:10926,4
DA:10927,2
DA:10928,2
DA:10929,2
DA:10930,2
DA:10931,4
DA:10932,1
DA:10933,1
DA:10934,0
DA:10935,0
DA:10936,0
DA:10937,0
DA:10938,0
DA:10939,0
DA:10940,0
DA:10941,1
DA:10942,1
DA:10943,1
DA:10944,1
DA:10945,1
DA:10946,1
DA:10947,1
DA:10948,1
DA:10949,1
DA:10950,1
DA:10951,1
DA:10952,1
DA:10953,1
DA:10954,1
DA:10955,1
DA:10956,1
DA:10957,1
DA:10958,1
DA:10959,1
DA:10960,1
DA:10961,0
DA:10962,0
DA:10963,0
DA:10964,0
DA:10965,0
DA:10966,0
DA:10967,0
DA:10968,0
DA:10969,0
DA:10970,0
DA:10971,1
DA:10972,1
DA:10973,1
DA:10974,1
DA:10975,1
DA:10976,1
DA:10977,1
DA:10978,1
DA:10979,1
DA:10980,0
DA:10981,0
DA:10982,0
DA:10983,0
DA:10984,0
DA:10985,0
DA:10986,0
DA:10987,1
DA:10988,1
DA:10989,1
DA:10990,1
DA:10991,1
DA:10992,3
DA:10993,3
DA:10994,0
DA:10995,0
DA:10996,3
DA:10997,1
DA:10998,1
DA:10999,1
DA:11000,1
DA:11001,1
DA:11002,1
DA:11003,1
DA:11004,1
DA:11005,1
DA:11006,1
DA:11007,1
DA:11008,1
DA:11009,1
DA:11010,1
DA:11011,1
DA:11012,1
DA:11013,1
DA:11014,1
DA:11015,1
DA:11016,1
DA:11017,1
DA:11018,1
DA:11019,1
DA:11020,1
DA:11021,1
DA:11022,1
DA:11023,1
DA:11024,1
DA:11025,1
DA:11026,1
DA:11027,1
DA:11028,1
DA:11029,1
DA:11030,1
DA:11031,1
DA:11032,1
DA:11033,1
DA:11034,1
DA:11035,1
DA:11036,1
DA:11037,1
DA:11038,1
DA:11039,1
DA:11040,1
DA:11041,1
DA:11042,1
DA:11043,1
DA:11044,1
DA:11045,1
DA:11046,1
DA:11047,1
DA:11048,1
DA:11049,1
DA:11050,1
DA:11051,1
DA:11052,1
DA:11053,1
DA:11054,0
DA:11055,0
DA:11056,0
DA:11057,0
DA:11058,0
DA:11059,0
DA:11060,0
DA:11061,0
DA:11062,0
DA:11063,0
DA:11064,0
DA:11065,0
DA:11066,0
DA:11067,0
DA:11068,0
DA:11069,0
DA:11070,0
DA:11071,0
DA:11072,0
DA:11073,0
DA:11074,0
DA:11075,0
DA:11076,0
DA:11077,0
DA:11078,0
DA:11079,0
DA:11080,0
DA:11081,0
DA:11082,0
DA:11083,0
DA:11084,0
DA:11085,0
DA:11086,0
DA:11087,0
DA:11088,0
DA:11089,0
DA:11090,0
DA:11091,0
DA:11092,0
DA:11093,0
DA:11094,1
DA:11095,1
DA:11096,1
DA:11097,1
DA:11098,1
DA:11099,1
DA:11100,1
DA:11101,1
DA:11102,1
DA:11103,1
DA:11104,1
DA:11105,1
DA:11106,1
DA:11107,1
DA:11108,1
DA:11109,0
DA:11110,0
DA:11111,0
DA:11112,0
DA:11113,0
DA:11114,0
DA:11115,0
DA:11116,0
DA:11117,0
DA:11118,0
DA:11119,0
DA:11120,0
DA:11121,0
DA:11122,0
DA:11123,0
DA:11124,0
DA:11125,0
DA:11126,0
DA:11127,0
DA:11128,0
DA:11129,0
DA:11130,1
DA:11131,1
DA:11132,1
DA:11133,1
DA:11134,1
DA:11135,1
DA:11136,1
DA:11137,1
DA:11138,1
DA:11139,1
DA:11140,1
DA:11141,1
DA:11142,1
DA:11143,1
DA:11144,0
DA:11145,0
DA:11146,1
DA:11147,0
DA:11148,0
DA:11149,1
DA:11150,1
DA:11151,1
DA:11152,0
DA:11153,0
DA:11154,0
DA:11155,0
DA:11156,0
DA:11157,0
DA:11158,1
DA:11159,1
DA:11160,1
DA:11161,0
DA:11162,0
DA:11163,0
DA:11164,0
DA:11165,1
DA:11166,1
DA:11167,4
DA:11168,4
DA:11169,0
DA:11170,0
DA:11171,0
DA:11172,0
DA:11173,0
DA:11174,0
DA:11175,0
DA:11176,0
DA:11177,0
DA:11178,0
DA:11179,0
DA:11180,0
DA:11181,0
DA:11182,0
DA:11183,0
DA:11184,0
DA:11185,0
DA:11186,0
DA:11187,0
DA:11188,0
DA:11189,1
DA:11190,1
DA:11191,1
DA:11192,1
DA:11193,1
DA:11194,1
DA:11195,1
DA:11196,1
DA:11197,1
DA:11198,1
DA:11199,0
DA:11200,0
DA:11201,1
DA:11202,1
DA:11203,1
DA:11204,1
DA:11205,1
DA:11206,1
DA:11207,1
DA:11208,1
DA:11209,1
DA:11210,1
DA:11211,1
DA:11212,1
DA:11213,0
DA:11214,0
DA:11215,1
DA:11216,1
DA:11217,1
DA:11218,1
DA:11219,0
DA:11220,0
DA:11221,1
DA:11222,1
DA:11223,1
DA:11224,1
DA:11225,1
DA:11226,1
DA:11227,0
DA:11228,0
DA:11229,0
DA:11230,0
DA:11231,0
DA:11232,0
DA:11233,0
DA:11234,0
DA:11235,0
DA:11236,0
DA:11237,1
DA:11238,1
DA:11239,1
DA:11240,1
DA:11241,1
DA:11242,1
DA:11243,1
DA:11244,1
DA:11245,1
DA:11246,1
DA:11247,1
DA:11248,1
DA:11249,1
DA:11250,1
DA:11251,1
DA:11252,1
DA:11253,1
DA:11254,1
DA:11255,1
DA:11256,1
DA:11257,0
DA:11258,1
DA:11259,1
DA:11260,1
DA:11261,1
DA:11262,1
DA:11263,1
DA:11264,1
DA:11265,1
DA:11266,1
DA:11267,1
DA:11268,1
DA:11269,1
DA:11270,1
DA:11271,1
DA:11272,1
DA:11273,1
LF:11273
LH:2943
BRDA:1,0,0,1
BRDA:1,1,0,1
BRDA:57,2,0,0
BRDA:5691,3,0,38
BRDA:5698,4,0,19
BRDA:5722,5,0,0
BRDA:5738,6,0,0
BRDA:5740,7,0,0
BRDA:8722,8,0,0
BRDA:8783,9,0,0
BRDA:10002,10,0,0
BRDA:10013,11,0,0
BRDA:10018,12,0,0
BRDA:10736,13,0,0
BRDA:10738,14,0,0
BRDA:10741,15,0,0
BRDA:10748,16,0,0
BRDA:10751,17,0,0
BRDA:10754,18,0,0
BRDA:10757,19,0,0
BRDA:10766,20,0,0
BRDA:10776,21,0,0
BRDA:10834,22,0,0
BRDA:10947,23,0,0
BRDA:11002,24,0,0
BRDA:22,25,0,14
BRDA:22,26,0,11
BRDA:22,27,0,0
BRDA:317,28,0,1
BRDA:318,29,0,0
BRDA:320,30,0,1
BRDA:378,31,0,0
BRDA:379,32,0,0
BRDA:385,33,0,0
BRDA:385,34,0,0
BRDA:399,35,0,1
BRDA:403,36,0,0
BRDA:406,37,0,1
BRDA:414,38,0,42
BRDA:447,39,0,42
BRDA:449,40,0,5
BRDA:520,41,0,2
BRDA:521,42,0,0
BRDA:523,43,0,0
BRDA:539,44,0,2
BRDA:542,45,0,0
BRDA:576,46,0,1
BRDA:794,47,0,39
BRDA:796,48,0,702
BRDA:798,49,0,585
BRDA:800,50,0,117
BRDA:827,51,0,702
BRDA:831,52,0,43
BRDA:5415,53,0,1
BRDA:5416,54,0,0
BRDA:5418,55,0,1
BRDA:5422,56,0,19
BRDA:5646,57,0,1
BRDA:5673,58,0,38
BRDA:5703,59,0,5
BRDA:5741,60,0,40
BRDA:5745,61,0,1
BRDA:5756,62,0,40
BRDA:5761,63,0,4
BRDA:5761,64,0,36
BRDA:6527,65,0,1
BRDA:6528,66,0,0
BRDA:6530,67,0,1
BRDA:6543,68,0,1
BRDA:6544,69,0,0
BRDA:6970,70,0,0
BRDA:6551,71,0,1
BRDA:6553,72,0,0
BRDA:6561,73,0,0
BRDA:6561,74,0,0
BRDA:6565,75,0,0
BRDA:6977,76,0,1
BRDA:6978,77,0,0
BRDA:7006,78,0,1
BRDA:7008,79,0,0
BRDA:7011,80,0,0
BRDA:7014,81,0,0
BRDA:7016,82,0,0
BRDA:7019,83,0,0
BRDA:7021,84,0,0
BRDA:7022,85,0,0
BRDA:7106,86,0,1
BRDA:7107,87,0,0
BRDA:7108,88,0,0
BRDA:7109,89,0,0
BRDA:7319,90,0,11
BRDA:7320,91,0,10
BRDA:7321,92,0,1
BRDA:7850,93,0,4
BRDA:7851,94,0,3
BRDA:7852,95,0,1
BRDA:7856,96,0,2
BRDA:8674,97,0,1
BRDA:8675,98,0,0
BRDA:9419,99,0,2
BRDA:9424,100,0,62
BRDA:9708,101,0,2
BRDA:9720,102,0,138
BRDA:9732,103,0,62
BRDA:9732,104,0,76
BRDA:9736,105,0,1
BRDA:9741,106,0,69
BRDA:9756,107,0,1
BRDA:9759,108,0,65
BRDA:9765,109,0,65
BRDA:9768,110,0,3
BRDA:9771,111,0,62
BRDA:9788,112,0,65
BRDA:9791,113,0,30
BRDA:9794,114,0,35
BRDA:9789,115,0,2969
BRDA:9795,116,0,1890
BRDA:9921,117,0,1
BRDA:9922,118,0,0
BRDA:9924,119,0,1
BRDA:9969,120,0,0
BRDA:9988,121,0,1
BRDA:10091,122,0,13
BRDA:10525,123,0,1
BRDA:10526,124,0,3
BRDA:10783,125,0,2
BRDA:10799,126,0,1
BRDA:10803,127,0,0
BRDA:10810,128,0,0
BRDA:10815,129,0,11
BRDA:10817,130,0,5
BRDA:10820,131,0,11
BRDA:10824,132,0,5
BRDA:10836,133,0,5
BRDA:10840,134,0,3
BRDA:10841,135,0,2
BRDA:10841,136,0,1
BRDA:10844,137,0,9
BRDA:10846,138,0,3
BRDA:10847,139,0,6
BRDA:10850,140,0,2
BRDA:10851,141,0,3
BRDA:10864,142,0,4
BRDA:10869,143,0,0
BRDA:10872,144,0,4
BRDA:10876,145,0,12
BRDA:10879,146,0,0
BRDA:10885,147,0,6
BRDA:10887,148,0,0
BRDA:10891,149,0,2
BRDA:10898,150,0,6
BRDA:10899,151,0,0
BRDA:10903,152,0,0
BRDA:10903,153,0,0
BRDA:10912,154,0,4
BRDA:10913,155,0,1
BRDA:10914,156,0,1
BRDA:10915,157,0,1
BRDA:10924,158,0,0
BRDA:10926,159,0,2
BRDA:10953,160,0,1
BRDA:10954,161,0,1
BRDA:10956,162,0,1
BRDA:10960,163,0,0
BRDA:10964,164,0,0
BRDA:10992,165,0,3
BRDA:10994,166,0,0
BRDA:11008,167,0,1
BRDA:11009,168,0,2
BRDA:11010,169,0,2
BRDA:11011,170,0,1
BRDA:11015,171,0,1
BRDA:11016,172,0,1
BRDA:11017,173,0,7
BRDA:11017,174,0,0
BRDA:11027,175,0,1
BRDA:11030,176,0,1
BRDA:11032,177,0,2
BRDA:11035,178,0,2
BRDA:11038,179,0,1
BRDA:11039,180,0,1
BRDA:11040,181,0,1
BRDA:11044,182,0,1
BRDA:11095,183,0,1
BRDA:11100,184,0,0
BRDA:11101,185,0,0
BRDA:11109,186,0,0
BRDA:11137,187,0,1
BRDA:11140,188,0,0
BRDA:11143,189,0,0
BRDA:11146,190,0,0
BRDA:11151,191,0,0
BRDA:11198,192,0,0
BRDA:11159,193,0,1
BRDA:11160,194,0,0
BRDA:11166,195,0,4
BRDA:11167,196,0,1
BRDA:11169,197,0,0
BRDA:11209,198,0,1
BRDA:11212,199,0,0
BRDA:11218,200,0,0
BRDA:11223,201,0,0
BRDA:11226,202,0,0
BRDA:11253,203,0,1
BRDA:11257,204,0,0
BRDA:11263,205,0,1
BRF:206
BRH:125
end_of_record
